  Compiling CUDA source file src\gpu_module\snn_gpu_module.cu...
  
  C:\Users\Collin Abidi\Desktop\CARLsim4-neural\carlsim\kernel>"C:\Program Files\NVIDIA GPU Computing Toolkit\CUDA\v8.0\bin\nvcc.exe" -gencode=arch=compute_20,code=\"sm_21,compute_20\" --use-local-env --cl-version 2015 -ccbin "C:\Program Files (x86)\Microsoft Visual Studio 14.0\VC\bin\x86_amd64"  -I"C:\ProgramData\NVIDIA Corporation\CUDA Samples\v8.0\common\inc" -I"C:\Users\Collin Abidi\Desktop\CARLsim4-neural\carlsim\kernel\\include" -I"C:\Program Files\NVIDIA GPU Computing Toolkit\CUDA\v8.0\include" -I"C:\Program Files\NVIDIA GPU Computing Toolkit\CUDA\v8.0\include" -I"C:\ProgramData\NVIDIA Corporation\CUDA Samples\v8.0\common\inc" -I"C:\Users\Collin Abidi\Desktop\CARLsim4-neural\carlsim\kernel\inc" -I"C:\Users\Collin Abidi\Desktop\CARLsim4-neural\\carlsim\interface\inc" -I"C:\Users\Collin Abidi\Desktop\CARLsim4-neural\carlsim\monitor" -I"C:\Program Files\NVIDIA GPU Computing Toolkit\CUDA\v8.0\include"     --keep-dir x64\Release -maxrregcount=0  --machine 64 --compile -cudart static     -DWIN64 -D__CUDA7__ -DNDEBUG -D_CONSOLE -D_MBCS -Xcompiler "/EHsc /W3 /nologo /O2 /FS /Zi  /MD " -o x64\Release\snn_gpu_module.cu.obj "C:\Users\Collin Abidi\Desktop\CARLsim4-neural\carlsim\kernel\src\gpu_module\snn_gpu_module.cu" 
CUDACOMPILE : nvcc warning : The 'compute_20', 'sm_20', and 'sm_21' architectures are deprecated, and may be removed in a future release (Use -Wno-deprecated-gpu-targets to suppress warning).
  snn_gpu_module.cu
C:\Users\Collin Abidi\Desktop\CARLsim4-neural\carlsim\kernel\inc\snn.h(623): warning C4800: 'unsigned int': forcing value to bool 'true' or 'false' (performance warning)
C:/Users/Collin Abidi/Desktop/CARLsim4-neural/carlsim/kernel/src/gpu_module/snn_gpu_module.cu(2726): warning C4244: '=': conversion from 'float' to 'unsigned int', possible loss of data
  snn_cpu_module.cpp
C:\Users\Collin Abidi\Desktop\CARLsim4-neural\carlsim\kernel\inc\snn.h(623): warning C4800: 'unsigned int': forcing value to bool 'true' or 'false' (performance warning)
src\snn_cpu_module.cpp(66): warning C4244: '=': conversion from 'double' to 'float', possible loss of data
src\snn_cpu_module.cpp(423): warning C4018: '>=': signed/unsigned mismatch
src\snn_cpu_module.cpp(423): warning C4018: '<': signed/unsigned mismatch
src\snn_cpu_module.cpp(488): warning C4244: '*=': conversion from 'double' to 'float', possible loss of data
src\snn_cpu_module.cpp(490): warning C4244: '*=': conversion from 'double' to 'float', possible loss of data
src\snn_cpu_module.cpp(491): warning C4244: '*=': conversion from 'double' to 'float', possible loss of data
src\snn_cpu_module.cpp(493): warning C4244: '*=': conversion from 'double' to 'float', possible loss of data
src\snn_cpu_module.cpp(496): warning C4244: '*=': conversion from 'double' to 'float', possible loss of data
src\snn_cpu_module.cpp(498): warning C4244: '*=': conversion from 'double' to 'float', possible loss of data
src\snn_cpu_module.cpp(499): warning C4244: '*=': conversion from 'double' to 'float', possible loss of data
src\snn_cpu_module.cpp(501): warning C4244: '*=': conversion from 'double' to 'float', possible loss of data
src\snn_cpu_module.cpp(781): warning C4244: '+=': conversion from 'double' to 'float', possible loss of data
src\snn_cpu_module.cpp(782): warning C4244: '+=': conversion from 'double' to 'float', possible loss of data
src\snn_cpu_module.cpp(791): warning C4244: '-=': conversion from 'double' to 'float', possible loss of data
src\snn_cpu_module.cpp(792): warning C4244: '-=': conversion from 'double' to 'float', possible loss of data
src\snn_cpu_module.cpp(807): warning C4305: '+=': truncation from 'double' to 'float'
src\snn_cpu_module.cpp(1316): warning C4018: '<': signed/unsigned mismatch
src\snn_cpu_module.cpp(2243): warning C4244: '=': conversion from 'float' to 'unsigned int', possible loss of data
  print_snn_info.cpp
C:\Users\Collin Abidi\Desktop\CARLsim4-neural\carlsim\kernel\inc\snn.h(623): warning C4800: 'unsigned int': forcing value to bool 'true' or 'false' (performance warning)
C:\Users\Collin Abidi\Desktop\CARLsim4-neural\carlsim\monitor\connection_monitor_core.h(122): warning C4244: 'return': conversion from '__int64' to 'long', possible loss of data
C:\Users\Collin Abidi\Desktop\CARLsim4-neural\carlsim\monitor\connection_monitor_core.h(125): warning C4244: 'return': conversion from '__int64' to 'long', possible loss of data
C:\Users\Collin Abidi\Desktop\CARLsim4-neural\carlsim\monitor\connection_monitor_core.h(128): warning C4244: 'return': conversion from '__int64' to 'long', possible loss of data
src\print_snn_info.cpp(106): warning C4244: '=': conversion from 'double' to 'float', possible loss of data
src\print_snn_info.cpp(134): warning C4267: 'initializing': conversion from 'size_t' to 'int', possible loss of data
  snn_manager.cpp
C:\Users\Collin Abidi\Desktop\CARLsim4-neural\carlsim\kernel\inc\snn.h(623): warning C4800: 'unsigned int': forcing value to bool 'true' or 'false' (performance warning)
C:\Users\Collin Abidi\Desktop\CARLsim4-neural\carlsim\monitor\connection_monitor_core.h(122): warning C4244: 'return': conversion from '__int64' to 'long', possible loss of data
C:\Users\Collin Abidi\Desktop\CARLsim4-neural\carlsim\monitor\connection_monitor_core.h(125): warning C4244: 'return': conversion from '__int64' to 'long', possible loss of data
C:\Users\Collin Abidi\Desktop\CARLsim4-neural\carlsim\monitor\connection_monitor_core.h(128): warning C4244: 'return': conversion from '__int64' to 'long', possible loss of data
src\snn_manager.cpp(713): warning C4244: '=': conversion from 'double' to 'float', possible loss of data
src\snn_manager.cpp(1281): warning C4244: '=': conversion from 'int' to 'float', possible loss of data
src\snn_manager.cpp(1339): warning C4244: '=': conversion from 'double' to 'float', possible loss of data
src\snn_manager.cpp(1340): warning C4244: '=': conversion from 'double' to 'float', possible loss of data
src\snn_manager.cpp(3076): warning C4267: '=': conversion from 'size_t' to 'int', possible loss of data
src\snn_manager.cpp(3080): warning C4267: '=': conversion from 'size_t' to 'int', possible loss of data
src\snn_manager.cpp(3638): warning C4244: '=': conversion from 'double' to 'float', possible loss of data
src\snn_manager.cpp(3639): warning C4244: '=': conversion from 'double' to 'float', possible loss of data
src\snn_manager.cpp(3660): warning C4244: '=': conversion from 'double' to 'float', possible loss of data
src\snn_manager.cpp(3661): warning C4244: '=': conversion from 'double' to 'float', possible loss of data
src\snn_manager.cpp(3766): warning C4244: 'initializing': conversion from 'double' to 'float', possible loss of data
src\snn_manager.cpp(3942): warning C4244: '=': conversion from 'float' to 'uint8_t', possible loss of data
src\snn_manager.cpp(3944): warning C4244: 'argument': conversion from 'float' to 'uint8_t', possible loss of data
src\snn_manager.cpp(5614): warning C4244: '=': conversion from 'double' to 'float', possible loss of data
src\snn_manager.cpp(5616): warning C4244: '=': conversion from 'double' to 'float', possible loss of data
src\snn_manager.cpp(5962): warning C4244: 'return': conversion from 'time_t' to 'int', possible loss of data
src\snn_manager.cpp(6376): warning C4018: '<': signed/unsigned mismatch
src\snn_manager.cpp(6396): warning C4267: '=': conversion from 'size_t' to 'int', possible loss of data
src\snn_manager.cpp(6397): warning C4267: '=': conversion from 'size_t' to 'int', possible loss of data
src\snn_manager.cpp(6517): warning C4267: '=': conversion from 'size_t' to 'int', possible loss of data
src\snn_manager.cpp(6518): warning C4267: '=': conversion from 'size_t' to 'int', possible loss of data
src\snn_manager.cpp(6519): warning C4267: '=': conversion from 'size_t' to 'int', possible loss of data
src\snn_manager.cpp(6520): warning C4267: '=': conversion from 'size_t' to 'int', possible loss of data
src\snn_manager.cpp(6521): warning C4267: '=': conversion from 'size_t' to 'int', possible loss of data
  spike_buffer.cpp
  carlsim.vcxproj -> C:\Users\Collin Abidi\Desktop\CARLsim4-neural\x64\Release\carlsim.lib
  copy "C:\Program Files\NVIDIA GPU Computing Toolkit\CUDA\v8.0\bin\cudart*.dll" "C:\Users\Collin Abidi\Desktop\CARLsim4-neural\x64\Release\"
  C:\Program Files\NVIDIA GPU Computing Toolkit\CUDA\v8.0\bin\cudart32_80.dll
  C:\Program Files\NVIDIA GPU Computing Toolkit\CUDA\v8.0\bin\cudart64_80.dll
          2 file(s) copied.
