[INFO c:\users\collin abidi\desktop\carlsim4\carlsim\kernel\src\snn_manager.cpp:2018] *********************************************************************************
[INFO c:\users\collin abidi\desktop\carlsim4\carlsim\kernel\src\snn_manager.cpp:2020] ********************      Welcome to CARLsim 4.0      ***************************
[INFO c:\users\collin abidi\desktop\carlsim4\carlsim\kernel\src\snn_manager.cpp:2021] *********************************************************************************

[INFO c:\users\collin abidi\desktop\carlsim4\carlsim\kernel\src\snn_manager.cpp:2023] ***************************** Configuring Network ********************************
[INFO c:\users\collin abidi\desktop\carlsim4\carlsim\kernel\src\snn_manager.cpp:2025] Starting CARLsim simulation "hello world" in USER mode
[INFO c:\users\collin abidi\desktop\carlsim4\carlsim\kernel\src\snn_manager.cpp:2026] Random number seed: 42
[DEBUG c:\users\collin abidi\desktop\carlsim4\carlsim\kernel\src\snn_manager.cpp:2032] Current local time and date: Wed Sep 12 09:29:28 2018

[DEBUG c:\users\collin abidi\desktop\carlsim4\carlsim\kernel\src\snn_manager.cpp:165] CONNECT SETUP: connId=0, mulFast=1.000000, mulSlow=1.000000
[INFO c:\users\collin abidi\desktop\carlsim4\carlsim\kernel\src\snn_manager.cpp:448] Running COBA mode:
[INFO c:\users\collin abidi\desktop\carlsim4\carlsim\kernel\src\snn_manager.cpp:449]   - AMPA decay time            =     5 ms
[INFO c:\users\collin abidi\desktop\carlsim4\carlsim\kernel\src\snn_manager.cpp:450]   - NMDA rise time (disabled)  =     0 ms
[INFO c:\users\collin abidi\desktop\carlsim4\carlsim\kernel\src\snn_manager.cpp:451]   - GABAa decay time           =     6 ms
[INFO c:\users\collin abidi\desktop\carlsim4\carlsim\kernel\src\snn_manager.cpp:452]   - GABAb rise time (disabled) =     0 ms
[INFO c:\users\collin abidi\desktop\carlsim4\carlsim\kernel\src\snn_manager.cpp:453]   - GABAb decay time           =   150 ms
[DEBUG c:\users\collin abidi\desktop\carlsim4\carlsim\kernel\src\snn_manager.cpp:3471] Beginning compilation of the network....
[DEBUG c:\users\collin abidi\desktop\carlsim4\carlsim\kernel\src\snn_manager.cpp:2861] Allocation for 1(output), St=0, End=8
[DEBUG c:\users\collin abidi\desktop\carlsim4\carlsim\kernel\src\snn_manager.cpp:2861] Allocation for 0(input), St=9, End=125
[INFO c:\users\collin abidi\desktop\carlsim4\carlsim\kernel\src\snn_manager.cpp:3492] 

[INFO c:\users\collin abidi\desktop\carlsim4\carlsim\kernel\src\snn_manager.cpp:3493] ************************** Global Network Configuration *******************************
[INFO c:\users\collin abidi\desktop\carlsim4\carlsim\kernel\src\snn_manager.cpp:3494] The number of neurons in the network (numN) = 126
[INFO c:\users\collin abidi\desktop\carlsim4\carlsim\kernel\src\snn_manager.cpp:3495] The number of regular neurons in the network (numNReg:numNExcReg:numNInhReg) = 9:9:0
[INFO c:\users\collin abidi\desktop\carlsim4\carlsim\kernel\src\snn_manager.cpp:3496] The number of poisson neurons in the network (numNPois:numNExcPois:numInhPois) = 117:117:0
[INFO c:\users\collin abidi\desktop\carlsim4\carlsim\kernel\src\snn_manager.cpp:3497] The maximum axonal delay in the network (maxDelay) = 1
[INFO C:/Users/Collin Abidi/Desktop/CARLsim4/carlsim/kernel/src/gpu_module/snn_gpu_module.cu:3513] CUDA devices Configuration:
[INFO C:/Users/Collin Abidi/Desktop/CARLsim4/carlsim/kernel/src/gpu_module/snn_gpu_module.cu:3514]   - Number of CUDA devices          =         1
[INFO C:/Users/Collin Abidi/Desktop/CARLsim4/carlsim/kernel/src/gpu_module/snn_gpu_module.cu:3517]   - CUDA device ID with max GFLOPs  =         0
[INFO C:/Users/Collin Abidi/Desktop/CARLsim4/carlsim/kernel/src/gpu_module/snn_gpu_module.cu:3521]   + Use CUDA device[0]              = Quadro M1000M
[INFO C:/Users/Collin Abidi/Desktop/CARLsim4/carlsim/kernel/src/gpu_module/snn_gpu_module.cu:3522]   + CUDA Compute Capability (CC)    =       5.0
[DEBUG c:\users\collin abidi\desktop\carlsim4\carlsim\kernel\src\snn_manager.cpp:2880] Allocation for group (output) [id:1, local id:0], St=0, End=8
[DEBUG c:\users\collin abidi\desktop\carlsim4\carlsim\kernel\src\snn_manager.cpp:2880] Allocation for group (input) [id:0, local id:1], St=9, End=125
[INFO c:\users\collin abidi\desktop\carlsim4\carlsim\kernel\src\snn_manager.cpp:5167] 
+ Local Network (8)
[INFO c:\users\collin abidi\desktop\carlsim4\carlsim\kernel\src\snn_manager.cpp:5168] |-+ Group List:
[INFO c:\users\collin abidi\desktop\carlsim4\carlsim\kernel\src\print_snn_info.cpp:249]   |-+ Local Group input(G:0,L:1): 
[INFO c:\users\collin abidi\desktop\carlsim4\carlsim\kernel\src\print_snn_info.cpp:252]     |- Type                       =    EXCIT
[INFO c:\users\collin abidi\desktop\carlsim4\carlsim\kernel\src\print_snn_info.cpp:253]     |- Num of Neurons             =      117
[INFO c:\users\collin abidi\desktop\carlsim4\carlsim\kernel\src\print_snn_info.cpp:254]     |- Start Id                   = (G:9,L:9)
[INFO c:\users\collin abidi\desktop\carlsim4\carlsim\kernel\src\print_snn_info.cpp:255]     |- End Id                     = (G:125,L:125)
[INFO c:\users\collin abidi\desktop\carlsim4\carlsim\kernel\src\print_snn_info.cpp:256]     |- numPostSynapses            =     1021
[INFO c:\users\collin abidi\desktop\carlsim4\carlsim\kernel\src\print_snn_info.cpp:257]     |- numPreSynapses             =        0
[INFO c:\users\collin abidi\desktop\carlsim4\carlsim\kernel\src\print_snn_info.cpp:265]     |- Refractory period          = -107374176.00000
[INFO c:\users\collin abidi\desktop\carlsim4\carlsim\kernel\src\print_snn_info.cpp:249]   |-+ Local Group output(G:1,L:0): 
[INFO c:\users\collin abidi\desktop\carlsim4\carlsim\kernel\src\print_snn_info.cpp:252]     |- Type                       =    EXCIT
[INFO c:\users\collin abidi\desktop\carlsim4\carlsim\kernel\src\print_snn_info.cpp:253]     |- Num of Neurons             =        9
[INFO c:\users\collin abidi\desktop\carlsim4\carlsim\kernel\src\print_snn_info.cpp:254]     |- Start Id                   = (G:0,L:0)
[INFO c:\users\collin abidi\desktop\carlsim4\carlsim\kernel\src\print_snn_info.cpp:255]     |- End Id                     = (G:8,L:8)
[INFO c:\users\collin abidi\desktop\carlsim4\carlsim\kernel\src\print_snn_info.cpp:256]     |- numPostSynapses            =        0
[INFO c:\users\collin abidi\desktop\carlsim4\carlsim\kernel\src\print_snn_info.cpp:257]     |- numPreSynapses             =     1021
[INFO c:\users\collin abidi\desktop\carlsim4\carlsim\kernel\src\snn_manager.cpp:5174] |-+ Connection List:
[INFO c:\users\collin abidi\desktop\carlsim4\carlsim\kernel\src\print_snn_info.cpp:185]   |-+ Local Connection Id 0: input(0) => output(1)
[INFO c:\users\collin abidi\desktop\carlsim4\carlsim\kernel\src\print_snn_info.cpp:186]     |- Type                       =    FIXED
[INFO c:\users\collin abidi\desktop\carlsim4\carlsim\kernel\src\print_snn_info.cpp:187]     |- Min weight                 =  0.00000
[INFO c:\users\collin abidi\desktop\carlsim4\carlsim\kernel\src\print_snn_info.cpp:188]     |- Max weight                 =  0.05000
[INFO c:\users\collin abidi\desktop\carlsim4\carlsim\kernel\src\print_snn_info.cpp:189]     |- Initial weight             =  0.05000
[INFO c:\users\collin abidi\desktop\carlsim4\carlsim\kernel\src\print_snn_info.cpp:190]     |- Min delay                  =        1
[INFO c:\users\collin abidi\desktop\carlsim4\carlsim\kernel\src\print_snn_info.cpp:191]     |- Max delay                  =        1
[INFO c:\users\collin abidi\desktop\carlsim4\carlsim\kernel\src\print_snn_info.cpp:192]     |- Radius X                   =     3.00
[INFO c:\users\collin abidi\desktop\carlsim4\carlsim\kernel\src\print_snn_info.cpp:193]     |- Radius Y                   =     3.00
[INFO c:\users\collin abidi\desktop\carlsim4\carlsim\kernel\src\print_snn_info.cpp:194]     |- Radius Z                   =     1.00
[INFO c:\users\collin abidi\desktop\carlsim4\carlsim\kernel\src\print_snn_info.cpp:195]     |- Num of synapses            = 1021
[INFO c:\users\collin abidi\desktop\carlsim4\carlsim\kernel\src\print_snn_info.cpp:198]     |- Avg numPreSynapses         =   113.44
[INFO c:\users\collin abidi\desktop\carlsim4\carlsim\kernel\src\print_snn_info.cpp:199]     |- Avg numPostSynapses        =     8.73
[INFO c:\users\collin abidi\desktop\carlsim4\carlsim\kernel\src\snn_manager.cpp:5444] 
[INFO c:\users\collin abidi\desktop\carlsim4\carlsim\kernel\src\snn_manager.cpp:5448] *****************      Initializing CPU 0 Runtime      *************************
[DEBUG c:\users\collin abidi\desktop\carlsim4\carlsim\kernel\src\snn_cpu_module.cpp:1973] copyExternalCurrent: lGrpId=-1, ptrPos=0, length=9, allocate=y
[DEBUG c:\users\collin abidi\desktop\carlsim4\carlsim\kernel\src\snn_cpu_module.cpp:1415] Transfering group settings to CPU:
[DEBUG c:\users\collin abidi\desktop\carlsim4\carlsim\kernel\src\snn_cpu_module.cpp:1417] Settings for Group output:
[DEBUG c:\users\collin abidi\desktop\carlsim4\carlsim\kernel\src\snn_cpu_module.cpp:1419] 	Type: 6
[DEBUG c:\users\collin abidi\desktop\carlsim4\carlsim\kernel\src\snn_cpu_module.cpp:1420] 	NumN: 9
[DEBUG c:\users\collin abidi\desktop\carlsim4\carlsim\kernel\src\snn_cpu_module.cpp:1421] 	M: 0
[DEBUG c:\users\collin abidi\desktop\carlsim4\carlsim\kernel\src\snn_cpu_module.cpp:1422] 	PreM: 1021
[DEBUG c:\users\collin abidi\desktop\carlsim4\carlsim\kernel\src\snn_cpu_module.cpp:1423] 	spikeGenerator: 0
[DEBUG c:\users\collin abidi\desktop\carlsim4\carlsim\kernel\src\snn_cpu_module.cpp:1424] 	FixedInputWts: 1
[DEBUG c:\users\collin abidi\desktop\carlsim4\carlsim\kernel\src\snn_cpu_module.cpp:1425] 	MaxDelay: 1
[DEBUG c:\users\collin abidi\desktop\carlsim4\carlsim\kernel\src\snn_cpu_module.cpp:1426] 	WithSTDP: 0
[DEBUG c:\users\collin abidi\desktop\carlsim4\carlsim\kernel\src\snn_cpu_module.cpp:1443] 	WithSTP: 0
[DEBUG c:\users\collin abidi\desktop\carlsim4\carlsim\kernel\src\snn_cpu_module.cpp:1449] 	spikeGen: is not set 
[DEBUG c:\users\collin abidi\desktop\carlsim4\carlsim\kernel\src\snn_cpu_module.cpp:1417] Settings for Group input:
[DEBUG c:\users\collin abidi\desktop\carlsim4\carlsim\kernel\src\snn_cpu_module.cpp:1419] 	Type: 7
[DEBUG c:\users\collin abidi\desktop\carlsim4\carlsim\kernel\src\snn_cpu_module.cpp:1420] 	NumN: 117
[DEBUG c:\users\collin abidi\desktop\carlsim4\carlsim\kernel\src\snn_cpu_module.cpp:1421] 	M: 1021
[DEBUG c:\users\collin abidi\desktop\carlsim4\carlsim\kernel\src\snn_cpu_module.cpp:1422] 	PreM: 0
[DEBUG c:\users\collin abidi\desktop\carlsim4\carlsim\kernel\src\snn_cpu_module.cpp:1423] 	spikeGenerator: 1
[DEBUG c:\users\collin abidi\desktop\carlsim4\carlsim\kernel\src\snn_cpu_module.cpp:1424] 	FixedInputWts: 1
[DEBUG c:\users\collin abidi\desktop\carlsim4\carlsim\kernel\src\snn_cpu_module.cpp:1425] 	MaxDelay: 1
[DEBUG c:\users\collin abidi\desktop\carlsim4\carlsim\kernel\src\snn_cpu_module.cpp:1426] 	WithSTDP: 0
[DEBUG c:\users\collin abidi\desktop\carlsim4\carlsim\kernel\src\snn_cpu_module.cpp:1443] 	WithSTP: 0
[DEBUG c:\users\collin abidi\desktop\carlsim4\carlsim\kernel\src\snn_cpu_module.cpp:1449] 	spikeGen: is not set 
[INFO c:\users\collin abidi\desktop\carlsim4\carlsim\kernel\src\snn_manager.cpp:1214] SpikeMonitor set for group 0 (input)
[INFO c:\users\collin abidi\desktop\carlsim4\carlsim\kernel\src\snn_manager.cpp:1214] SpikeMonitor set for group 1 (output)
[INFO c:\users\collin abidi\desktop\carlsim4\carlsim\kernel\src\snn_manager.cpp:1165] ConnectionMonitor 0 set for Connection 0: 0(input) => 1(output)
[DEBUG c:\users\collin abidi\desktop\carlsim4\carlsim\kernel\src\snn_manager.cpp:797] runNetwork: runDur=1000ms, printRunSummary=y
[INFO c:\users\collin abidi\desktop\carlsim4\carlsim\kernel\src\snn_manager.cpp:807] 
[INFO c:\users\collin abidi\desktop\carlsim4\carlsim\kernel\src\snn_manager.cpp:808] ******************** Running the simulation on 0 GPU(s) and 1 CPU(s) ***************************
[INFO c:\users\collin abidi\desktop\carlsim4\carlsim\kernel\src\snn_manager.cpp:809] 
[INFO c:\users\collin abidi\desktop\carlsim4\carlsim\kernel\src\print_snn_info.cpp:116] (t=1.000s) SpikeMonitor for group input(0) has 3526 spikes in 1000ms (30.14 +/- 5.94 Hz)
[INFO c:\users\collin abidi\desktop\carlsim4\carlsim\kernel\src\print_snn_info.cpp:116] (t=1.000s) SpikeMonitor for group output(1) has 1455 spikes in 1000ms (161.67 +/- 34.36 Hz)
[INFO c:\users\collin abidi\desktop\carlsim4\carlsim\monitor\connection_monitor_core.cpp:361] (t=1.000s) ConnectionMonitor ID=0 0(input) => 1(output): [preId,postId] wt (+/-wtChange in 1000ms) show first 100
[INFO c:\users\collin abidi\desktop\carlsim4\carlsim\monitor\connection_monitor_core.cpp:395] [  0,  0] 0.0384   [  0,  1] 0.0200   [  0,  2] 0.0063   [  0,  3] 0.0211   
[INFO c:\users\collin abidi\desktop\carlsim4\carlsim\monitor\connection_monitor_core.cpp:395] [  0,  4] 0.0110   [  0,  6] 0.0070   [  1,  0] 0.0414   [  1,  1] 0.0244   
[INFO c:\users\collin abidi\desktop\carlsim4\carlsim\monitor\connection_monitor_core.cpp:395] [  1,  2] 0.0086   [  1,  3] 0.0228   [  1,  4] 0.0134   [  1,  6] 0.0075   
[INFO c:\users\collin abidi\desktop\carlsim4\carlsim\monitor\connection_monitor_core.cpp:395] [  2,  0] 0.0436   [  2,  1] 0.0288   [  2,  2] 0.0114   [  2,  3] 0.0240   
[INFO c:\users\collin abidi\desktop\carlsim4\carlsim\monitor\connection_monitor_core.cpp:395] [  2,  4] 0.0159   [  2,  5] 0.0063   [  2,  6] 0.0079   [  2,  7] 0.0052   
[INFO c:\users\collin abidi\desktop\carlsim4\carlsim\monitor\connection_monitor_core.cpp:395] [  3,  0] 0.0446   [  3,  1] 0.0332   [  3,  2] 0.0148   [  3,  3] 0.0245   
[INFO c:\users\collin abidi\desktop\carlsim4\carlsim\monitor\connection_monitor_core.cpp:395] [  3,  4] 0.0183   [  3,  5] 0.0081   [  3,  6] 0.0081   [  3,  7] 0.0060   
[INFO c:\users\collin abidi\desktop\carlsim4\carlsim\monitor\connection_monitor_core.cpp:395] [  4,  0] 0.0444   [  4,  1] 0.0372   [  4,  2] 0.0187   [  4,  3] 0.0244   
[INFO c:\users\collin abidi\desktop\carlsim4\carlsim\monitor\connection_monitor_core.cpp:395] [  4,  4] 0.0205   [  4,  5] 0.0103   [  4,  6] 0.0081   [  4,  7] 0.0067   
[INFO c:\users\collin abidi\desktop\carlsim4\carlsim\monitor\connection_monitor_core.cpp:395] [  5,  0] 0.0430   [  5,  1] 0.0405   [  5,  2] 0.0229   [  5,  3] 0.0237   
[INFO c:\users\collin abidi\desktop\carlsim4\carlsim\monitor\connection_monitor_core.cpp:395] [  5,  4] 0.0223   [  5,  5] 0.0126   [  5,  6] 0.0078   [  5,  7] 0.0074   
[INFO c:\users\collin abidi\desktop\carlsim4\carlsim\monitor\connection_monitor_core.cpp:395] [  6,  0] 0.0405   [  6,  1] 0.0430   [  6,  2] 0.0273   [  6,  3] 0.0223   
[INFO c:\users\collin abidi\desktop\carlsim4\carlsim\monitor\connection_monitor_core.cpp:395] [  6,  4] 0.0237   [  6,  5] 0.0150   [  6,  6] 0.0074   [  6,  7] 0.0078   
[INFO c:\users\collin abidi\desktop\carlsim4\carlsim\monitor\connection_monitor_core.cpp:395] [  7,  0] 0.0372   [  7,  1] 0.0444   [  7,  2] 0.0317   [  7,  3] 0.0205   
[INFO c:\users\collin abidi\desktop\carlsim4\carlsim\monitor\connection_monitor_core.cpp:395] [  7,  4] 0.0244   [  7,  5] 0.0175   [  7,  6] 0.0067   [  7,  7] 0.0081   
[INFO c:\users\collin abidi\desktop\carlsim4\carlsim\monitor\connection_monitor_core.cpp:395] [  7,  8] 0.0058   [  8,  0] 0.0332   [  8,  1] 0.0446   [  8,  2] 0.0359   
[INFO c:\users\collin abidi\desktop\carlsim4\carlsim\monitor\connection_monitor_core.cpp:395] [  8,  3] 0.0183   [  8,  4] 0.0245   [  8,  5] 0.0198   [  8,  6] 0.0060   
[INFO c:\users\collin abidi\desktop\carlsim4\carlsim\monitor\connection_monitor_core.cpp:395] [  8,  7] 0.0081   [  8,  8] 0.0065   [  9,  0] 0.0288   [  9,  1] 0.0436   
[INFO c:\users\collin abidi\desktop\carlsim4\carlsim\monitor\connection_monitor_core.cpp:395] [  9,  2] 0.0395   [  9,  3] 0.0159   [  9,  4] 0.0240   [  9,  5] 0.0217   
[INFO c:\users\collin abidi\desktop\carlsim4\carlsim\monitor\connection_monitor_core.cpp:395] [  9,  6] 0.0052   [  9,  7] 0.0079   [  9,  8] 0.0072   [ 10,  0] 0.0244   
[INFO c:\users\collin abidi\desktop\carlsim4\carlsim\monitor\connection_monitor_core.cpp:395] [ 10,  1] 0.0414   [ 10,  2] 0.0423   [ 10,  3] 0.0134   [ 10,  4] 0.0228   
[INFO c:\users\collin abidi\desktop\carlsim4\carlsim\monitor\connection_monitor_core.cpp:395] [ 10,  5] 0.0233   [ 10,  7] 0.0075   [ 10,  8] 0.0077   [ 11,  0] 0.0200   
[INFO c:\users\collin abidi\desktop\carlsim4\carlsim\monitor\connection_monitor_core.cpp:395] [ 11,  1] 0.0384   [ 11,  2] 0.0440   [ 11,  3] 0.0110   [ 11,  4] 0.0211   
[INFO c:\users\collin abidi\desktop\carlsim4\carlsim\monitor\connection_monitor_core.cpp:395] [ 11,  5] 0.0242   [ 11,  7] 0.0070   [ 11,  8] 0.0080   [ 12,  0] 0.0160   
[INFO c:\users\collin abidi\desktop\carlsim4\carlsim\monitor\connection_monitor_core.cpp:395] [ 12,  1] 0.0346   [ 12,  2] 0.0446   [ 12,  3] 0.0088   [ 12,  4] 0.0190   
[DEBUG c:\users\collin abidi\desktop\carlsim4\carlsim\kernel\src\snn_manager.cpp:797] runNetwork: runDur=1000ms, printRunSummary=y
[INFO c:\users\collin abidi\desktop\carlsim4\carlsim\kernel\src\print_snn_info.cpp:116] (t=2.000s) SpikeMonitor for group input(0) has 3598 spikes in 1000ms (30.75 +/- 5.69 Hz)
[INFO c:\users\collin abidi\desktop\carlsim4\carlsim\kernel\src\print_snn_info.cpp:116] (t=2.000s) SpikeMonitor for group output(1) has 1523 spikes in 1000ms (169.22 +/- 38.82 Hz)
[INFO c:\users\collin abidi\desktop\carlsim4\carlsim\monitor\connection_monitor_core.cpp:361] (t=2.000s) ConnectionMonitor ID=0 0(input) => 1(output): [preId,postId] wt (+/-wtChange in 2000ms) show first 100
[INFO c:\users\collin abidi\desktop\carlsim4\carlsim\monitor\connection_monitor_core.cpp:395] [  0,  0] 0.0384   [  0,  1] 0.0200   [  0,  2] 0.0063   [  0,  3] 0.0211   
[INFO c:\users\collin abidi\desktop\carlsim4\carlsim\monitor\connection_monitor_core.cpp:395] [  0,  4] 0.0110   [  0,  6] 0.0070   [  1,  0] 0.0414   [  1,  1] 0.0244   
[INFO c:\users\collin abidi\desktop\carlsim4\carlsim\monitor\connection_monitor_core.cpp:395] [  1,  2] 0.0086   [  1,  3] 0.0228   [  1,  4] 0.0134   [  1,  6] 0.0075   
[INFO c:\users\collin abidi\desktop\carlsim4\carlsim\monitor\connection_monitor_core.cpp:395] [  2,  0] 0.0436   [  2,  1] 0.0288   [  2,  2] 0.0114   [  2,  3] 0.0240   
[INFO c:\users\collin abidi\desktop\carlsim4\carlsim\monitor\connection_monitor_core.cpp:395] [  2,  4] 0.0159   [  2,  5] 0.0063   [  2,  6] 0.0079   [  2,  7] 0.0052   
[INFO c:\users\collin abidi\desktop\carlsim4\carlsim\monitor\connection_monitor_core.cpp:395] [  3,  0] 0.0446   [  3,  1] 0.0332   [  3,  2] 0.0148   [  3,  3] 0.0245   
[INFO c:\users\collin abidi\desktop\carlsim4\carlsim\monitor\connection_monitor_core.cpp:395] [  3,  4] 0.0183   [  3,  5] 0.0081   [  3,  6] 0.0081   [  3,  7] 0.0060   
[INFO c:\users\collin abidi\desktop\carlsim4\carlsim\monitor\connection_monitor_core.cpp:395] [  4,  0] 0.0444   [  4,  1] 0.0372   [  4,  2] 0.0187   [  4,  3] 0.0244   
[INFO c:\users\collin abidi\desktop\carlsim4\carlsim\monitor\connection_monitor_core.cpp:395] [  4,  4] 0.0205   [  4,  5] 0.0103   [  4,  6] 0.0081   [  4,  7] 0.0067   
[INFO c:\users\collin abidi\desktop\carlsim4\carlsim\monitor\connection_monitor_core.cpp:395] [  5,  0] 0.0430   [  5,  1] 0.0405   [  5,  2] 0.0229   [  5,  3] 0.0237   
[INFO c:\users\collin abidi\desktop\carlsim4\carlsim\monitor\connection_monitor_core.cpp:395] [  5,  4] 0.0223   [  5,  5] 0.0126   [  5,  6] 0.0078   [  5,  7] 0.0074   
[INFO c:\users\collin abidi\desktop\carlsim4\carlsim\monitor\connection_monitor_core.cpp:395] [  6,  0] 0.0405   [  6,  1] 0.0430   [  6,  2] 0.0273   [  6,  3] 0.0223   
[INFO c:\users\collin abidi\desktop\carlsim4\carlsim\monitor\connection_monitor_core.cpp:395] [  6,  4] 0.0237   [  6,  5] 0.0150   [  6,  6] 0.0074   [  6,  7] 0.0078   
[INFO c:\users\collin abidi\desktop\carlsim4\carlsim\monitor\connection_monitor_core.cpp:395] [  7,  0] 0.0372   [  7,  1] 0.0444   [  7,  2] 0.0317   [  7,  3] 0.0205   
[INFO c:\users\collin abidi\desktop\carlsim4\carlsim\monitor\connection_monitor_core.cpp:395] [  7,  4] 0.0244   [  7,  5] 0.0175   [  7,  6] 0.0067   [  7,  7] 0.0081   
[INFO c:\users\collin abidi\desktop\carlsim4\carlsim\monitor\connection_monitor_core.cpp:395] [  7,  8] 0.0058   [  8,  0] 0.0332   [  8,  1] 0.0446   [  8,  2] 0.0359   
[INFO c:\users\collin abidi\desktop\carlsim4\carlsim\monitor\connection_monitor_core.cpp:395] [  8,  3] 0.0183   [  8,  4] 0.0245   [  8,  5] 0.0198   [  8,  6] 0.0060   
[INFO c:\users\collin abidi\desktop\carlsim4\carlsim\monitor\connection_monitor_core.cpp:395] [  8,  7] 0.0081   [  8,  8] 0.0065   [  9,  0] 0.0288   [  9,  1] 0.0436   
[INFO c:\users\collin abidi\desktop\carlsim4\carlsim\monitor\connection_monitor_core.cpp:395] [  9,  2] 0.0395   [  9,  3] 0.0159   [  9,  4] 0.0240   [  9,  5] 0.0217   
[INFO c:\users\collin abidi\desktop\carlsim4\carlsim\monitor\connection_monitor_core.cpp:395] [  9,  6] 0.0052   [  9,  7] 0.0079   [  9,  8] 0.0072   [ 10,  0] 0.0244   
[INFO c:\users\collin abidi\desktop\carlsim4\carlsim\monitor\connection_monitor_core.cpp:395] [ 10,  1] 0.0414   [ 10,  2] 0.0423   [ 10,  3] 0.0134   [ 10,  4] 0.0228   
[INFO c:\users\collin abidi\desktop\carlsim4\carlsim\monitor\connection_monitor_core.cpp:395] [ 10,  5] 0.0233   [ 10,  7] 0.0075   [ 10,  8] 0.0077   [ 11,  0] 0.0200   
[INFO c:\users\collin abidi\desktop\carlsim4\carlsim\monitor\connection_monitor_core.cpp:395] [ 11,  1] 0.0384   [ 11,  2] 0.0440   [ 11,  3] 0.0110   [ 11,  4] 0.0211   
[INFO c:\users\collin abidi\desktop\carlsim4\carlsim\monitor\connection_monitor_core.cpp:395] [ 11,  5] 0.0242   [ 11,  7] 0.0070   [ 11,  8] 0.0080   [ 12,  0] 0.0160   
[INFO c:\users\collin abidi\desktop\carlsim4\carlsim\monitor\connection_monitor_core.cpp:395] [ 12,  1] 0.0346   [ 12,  2] 0.0446   [ 12,  3] 0.0088   [ 12,  4] 0.0190   
[DEBUG c:\users\collin abidi\desktop\carlsim4\carlsim\kernel\src\snn_manager.cpp:797] runNetwork: runDur=1000ms, printRunSummary=y
[INFO c:\users\collin abidi\desktop\carlsim4\carlsim\kernel\src\print_snn_info.cpp:116] (t=3.000s) SpikeMonitor for group input(0) has 3413 spikes in 1000ms (29.17 +/- 5.18 Hz)
[INFO c:\users\collin abidi\desktop\carlsim4\carlsim\kernel\src\print_snn_info.cpp:116] (t=3.000s) SpikeMonitor for group output(1) has 1418 spikes in 1000ms (157.56 +/- 36.82 Hz)
[INFO c:\users\collin abidi\desktop\carlsim4\carlsim\monitor\connection_monitor_core.cpp:361] (t=3.000s) ConnectionMonitor ID=0 0(input) => 1(output): [preId,postId] wt (+/-wtChange in 3000ms) show first 100
[INFO c:\users\collin abidi\desktop\carlsim4\carlsim\monitor\connection_monitor_core.cpp:395] [  0,  0] 0.0384   [  0,  1] 0.0200   [  0,  2] 0.0063   [  0,  3] 0.0211   
[INFO c:\users\collin abidi\desktop\carlsim4\carlsim\monitor\connection_monitor_core.cpp:395] [  0,  4] 0.0110   [  0,  6] 0.0070   [  1,  0] 0.0414   [  1,  1] 0.0244   
[INFO c:\users\collin abidi\desktop\carlsim4\carlsim\monitor\connection_monitor_core.cpp:395] [  1,  2] 0.0086   [  1,  3] 0.0228   [  1,  4] 0.0134   [  1,  6] 0.0075   
[INFO c:\users\collin abidi\desktop\carlsim4\carlsim\monitor\connection_monitor_core.cpp:395] [  2,  0] 0.0436   [  2,  1] 0.0288   [  2,  2] 0.0114   [  2,  3] 0.0240   
[INFO c:\users\collin abidi\desktop\carlsim4\carlsim\monitor\connection_monitor_core.cpp:395] [  2,  4] 0.0159   [  2,  5] 0.0063   [  2,  6] 0.0079   [  2,  7] 0.0052   
[INFO c:\users\collin abidi\desktop\carlsim4\carlsim\monitor\connection_monitor_core.cpp:395] [  3,  0] 0.0446   [  3,  1] 0.0332   [  3,  2] 0.0148   [  3,  3] 0.0245   
[INFO c:\users\collin abidi\desktop\carlsim4\carlsim\monitor\connection_monitor_core.cpp:395] [  3,  4] 0.0183   [  3,  5] 0.0081   [  3,  6] 0.0081   [  3,  7] 0.0060   
[INFO c:\users\collin abidi\desktop\carlsim4\carlsim\monitor\connection_monitor_core.cpp:395] [  4,  0] 0.0444   [  4,  1] 0.0372   [  4,  2] 0.0187   [  4,  3] 0.0244   
[INFO c:\users\collin abidi\desktop\carlsim4\carlsim\monitor\connection_monitor_core.cpp:395] [  4,  4] 0.0205   [  4,  5] 0.0103   [  4,  6] 0.0081   [  4,  7] 0.0067   
[INFO c:\users\collin abidi\desktop\carlsim4\carlsim\monitor\connection_monitor_core.cpp:395] [  5,  0] 0.0430   [  5,  1] 0.0405   [  5,  2] 0.0229   [  5,  3] 0.0237   
[INFO c:\users\collin abidi\desktop\carlsim4\carlsim\monitor\connection_monitor_core.cpp:395] [  5,  4] 0.0223   [  5,  5] 0.0126   [  5,  6] 0.0078   [  5,  7] 0.0074   
[INFO c:\users\collin abidi\desktop\carlsim4\carlsim\monitor\connection_monitor_core.cpp:395] [  6,  0] 0.0405   [  6,  1] 0.0430   [  6,  2] 0.0273   [  6,  3] 0.0223   
[INFO c:\users\collin abidi\desktop\carlsim4\carlsim\monitor\connection_monitor_core.cpp:395] [  6,  4] 0.0237   [  6,  5] 0.0150   [  6,  6] 0.0074   [  6,  7] 0.0078   
[INFO c:\users\collin abidi\desktop\carlsim4\carlsim\monitor\connection_monitor_core.cpp:395] [  7,  0] 0.0372   [  7,  1] 0.0444   [  7,  2] 0.0317   [  7,  3] 0.0205   
[INFO c:\users\collin abidi\desktop\carlsim4\carlsim\monitor\connection_monitor_core.cpp:395] [  7,  4] 0.0244   [  7,  5] 0.0175   [  7,  6] 0.0067   [  7,  7] 0.0081   
[INFO c:\users\collin abidi\desktop\carlsim4\carlsim\monitor\connection_monitor_core.cpp:395] [  7,  8] 0.0058   [  8,  0] 0.0332   [  8,  1] 0.0446   [  8,  2] 0.0359   
[INFO c:\users\collin abidi\desktop\carlsim4\carlsim\monitor\connection_monitor_core.cpp:395] [  8,  3] 0.0183   [  8,  4] 0.0245   [  8,  5] 0.0198   [  8,  6] 0.0060   
[INFO c:\users\collin abidi\desktop\carlsim4\carlsim\monitor\connection_monitor_core.cpp:395] [  8,  7] 0.0081   [  8,  8] 0.0065   [  9,  0] 0.0288   [  9,  1] 0.0436   
[INFO c:\users\collin abidi\desktop\carlsim4\carlsim\monitor\connection_monitor_core.cpp:395] [  9,  2] 0.0395   [  9,  3] 0.0159   [  9,  4] 0.0240   [  9,  5] 0.0217   
[INFO c:\users\collin abidi\desktop\carlsim4\carlsim\monitor\connection_monitor_core.cpp:395] [  9,  6] 0.0052   [  9,  7] 0.0079   [  9,  8] 0.0072   [ 10,  0] 0.0244   
[INFO c:\users\collin abidi\desktop\carlsim4\carlsim\monitor\connection_monitor_core.cpp:395] [ 10,  1] 0.0414   [ 10,  2] 0.0423   [ 10,  3] 0.0134   [ 10,  4] 0.0228   
[INFO c:\users\collin abidi\desktop\carlsim4\carlsim\monitor\connection_monitor_core.cpp:395] [ 10,  5] 0.0233   [ 10,  7] 0.0075   [ 10,  8] 0.0077   [ 11,  0] 0.0200   
[INFO c:\users\collin abidi\desktop\carlsim4\carlsim\monitor\connection_monitor_core.cpp:395] [ 11,  1] 0.0384   [ 11,  2] 0.0440   [ 11,  3] 0.0110   [ 11,  4] 0.0211   
[INFO c:\users\collin abidi\desktop\carlsim4\carlsim\monitor\connection_monitor_core.cpp:395] [ 11,  5] 0.0242   [ 11,  7] 0.0070   [ 11,  8] 0.0080   [ 12,  0] 0.0160   
[INFO c:\users\collin abidi\desktop\carlsim4\carlsim\monitor\connection_monitor_core.cpp:395] [ 12,  1] 0.0346   [ 12,  2] 0.0446   [ 12,  3] 0.0088   [ 12,  4] 0.0190   
[DEBUG c:\users\collin abidi\desktop\carlsim4\carlsim\kernel\src\snn_manager.cpp:797] runNetwork: runDur=1000ms, printRunSummary=y
[INFO c:\users\collin abidi\desktop\carlsim4\carlsim\kernel\src\print_snn_info.cpp:116] (t=4.000s) SpikeMonitor for group input(0) has 3513 spikes in 1000ms (30.03 +/- 5.83 Hz)
[INFO c:\users\collin abidi\desktop\carlsim4\carlsim\kernel\src\print_snn_info.cpp:116] (t=4.000s) SpikeMonitor for group output(1) has 1483 spikes in 1000ms (164.78 +/- 36.83 Hz)
[INFO c:\users\collin abidi\desktop\carlsim4\carlsim\monitor\connection_monitor_core.cpp:361] (t=4.000s) ConnectionMonitor ID=0 0(input) => 1(output): [preId,postId] wt (+/-wtChange in 4000ms) show first 100
[INFO c:\users\collin abidi\desktop\carlsim4\carlsim\monitor\connection_monitor_core.cpp:395] [  0,  0] 0.0384   [  0,  1] 0.0200   [  0,  2] 0.0063   [  0,  3] 0.0211   
[INFO c:\users\collin abidi\desktop\carlsim4\carlsim\monitor\connection_monitor_core.cpp:395] [  0,  4] 0.0110   [  0,  6] 0.0070   [  1,  0] 0.0414   [  1,  1] 0.0244   
[INFO c:\users\collin abidi\desktop\carlsim4\carlsim\monitor\connection_monitor_core.cpp:395] [  1,  2] 0.0086   [  1,  3] 0.0228   [  1,  4] 0.0134   [  1,  6] 0.0075   
[INFO c:\users\collin abidi\desktop\carlsim4\carlsim\monitor\connection_monitor_core.cpp:395] [  2,  0] 0.0436   [  2,  1] 0.0288   [  2,  2] 0.0114   [  2,  3] 0.0240   
[INFO c:\users\collin abidi\desktop\carlsim4\carlsim\monitor\connection_monitor_core.cpp:395] [  2,  4] 0.0159   [  2,  5] 0.0063   [  2,  6] 0.0079   [  2,  7] 0.0052   
[INFO c:\users\collin abidi\desktop\carlsim4\carlsim\monitor\connection_monitor_core.cpp:395] [  3,  0] 0.0446   [  3,  1] 0.0332   [  3,  2] 0.0148   [  3,  3] 0.0245   
[INFO c:\users\collin abidi\desktop\carlsim4\carlsim\monitor\connection_monitor_core.cpp:395] [  3,  4] 0.0183   [  3,  5] 0.0081   [  3,  6] 0.0081   [  3,  7] 0.0060   
[INFO c:\users\collin abidi\desktop\carlsim4\carlsim\monitor\connection_monitor_core.cpp:395] [  4,  0] 0.0444   [  4,  1] 0.0372   [  4,  2] 0.0187   [  4,  3] 0.0244   
[INFO c:\users\collin abidi\desktop\carlsim4\carlsim\monitor\connection_monitor_core.cpp:395] [  4,  4] 0.0205   [  4,  5] 0.0103   [  4,  6] 0.0081   [  4,  7] 0.0067   
[INFO c:\users\collin abidi\desktop\carlsim4\carlsim\monitor\connection_monitor_core.cpp:395] [  5,  0] 0.0430   [  5,  1] 0.0405   [  5,  2] 0.0229   [  5,  3] 0.0237   
[INFO c:\users\collin abidi\desktop\carlsim4\carlsim\monitor\connection_monitor_core.cpp:395] [  5,  4] 0.0223   [  5,  5] 0.0126   [  5,  6] 0.0078   [  5,  7] 0.0074   
[INFO c:\users\collin abidi\desktop\carlsim4\carlsim\monitor\connection_monitor_core.cpp:395] [  6,  0] 0.0405   [  6,  1] 0.0430   [  6,  2] 0.0273   [  6,  3] 0.0223   
[INFO c:\users\collin abidi\desktop\carlsim4\carlsim\monitor\connection_monitor_core.cpp:395] [  6,  4] 0.0237   [  6,  5] 0.0150   [  6,  6] 0.0074   [  6,  7] 0.0078   
[INFO c:\users\collin abidi\desktop\carlsim4\carlsim\monitor\connection_monitor_core.cpp:395] [  7,  0] 0.0372   [  7,  1] 0.0444   [  7,  2] 0.0317   [  7,  3] 0.0205   
[INFO c:\users\collin abidi\desktop\carlsim4\carlsim\monitor\connection_monitor_core.cpp:395] [  7,  4] 0.0244   [  7,  5] 0.0175   [  7,  6] 0.0067   [  7,  7] 0.0081   
[INFO c:\users\collin abidi\desktop\carlsim4\carlsim\monitor\connection_monitor_core.cpp:395] [  7,  8] 0.0058   [  8,  0] 0.0332   [  8,  1] 0.0446   [  8,  2] 0.0359   
[INFO c:\users\collin abidi\desktop\carlsim4\carlsim\monitor\connection_monitor_core.cpp:395] [  8,  3] 0.0183   [  8,  4] 0.0245   [  8,  5] 0.0198   [  8,  6] 0.0060   
[INFO c:\users\collin abidi\desktop\carlsim4\carlsim\monitor\connection_monitor_core.cpp:395] [  8,  7] 0.0081   [  8,  8] 0.0065   [  9,  0] 0.0288   [  9,  1] 0.0436   
[INFO c:\users\collin abidi\desktop\carlsim4\carlsim\monitor\connection_monitor_core.cpp:395] [  9,  2] 0.0395   [  9,  3] 0.0159   [  9,  4] 0.0240   [  9,  5] 0.0217   
[INFO c:\users\collin abidi\desktop\carlsim4\carlsim\monitor\connection_monitor_core.cpp:395] [  9,  6] 0.0052   [  9,  7] 0.0079   [  9,  8] 0.0072   [ 10,  0] 0.0244   
[INFO c:\users\collin abidi\desktop\carlsim4\carlsim\monitor\connection_monitor_core.cpp:395] [ 10,  1] 0.0414   [ 10,  2] 0.0423   [ 10,  3] 0.0134   [ 10,  4] 0.0228   
[INFO c:\users\collin abidi\desktop\carlsim4\carlsim\monitor\connection_monitor_core.cpp:395] [ 10,  5] 0.0233   [ 10,  7] 0.0075   [ 10,  8] 0.0077   [ 11,  0] 0.0200   
[INFO c:\users\collin abidi\desktop\carlsim4\carlsim\monitor\connection_monitor_core.cpp:395] [ 11,  1] 0.0384   [ 11,  2] 0.0440   [ 11,  3] 0.0110   [ 11,  4] 0.0211   
[INFO c:\users\collin abidi\desktop\carlsim4\carlsim\monitor\connection_monitor_core.cpp:395] [ 11,  5] 0.0242   [ 11,  7] 0.0070   [ 11,  8] 0.0080   [ 12,  0] 0.0160   
[INFO c:\users\collin abidi\desktop\carlsim4\carlsim\monitor\connection_monitor_core.cpp:395] [ 12,  1] 0.0346   [ 12,  2] 0.0446   [ 12,  3] 0.0088   [ 12,  4] 0.0190   
[DEBUG c:\users\collin abidi\desktop\carlsim4\carlsim\kernel\src\snn_manager.cpp:797] runNetwork: runDur=1000ms, printRunSummary=y
[INFO c:\users\collin abidi\desktop\carlsim4\carlsim\kernel\src\print_snn_info.cpp:116] (t=5.000s) SpikeMonitor for group input(0) has 3555 spikes in 1000ms (30.38 +/- 5.73 Hz)
[INFO c:\users\collin abidi\desktop\carlsim4\carlsim\kernel\src\print_snn_info.cpp:116] (t=5.000s) SpikeMonitor for group output(1) has 1525 spikes in 1000ms (169.44 +/- 40.11 Hz)
[INFO c:\users\collin abidi\desktop\carlsim4\carlsim\monitor\connection_monitor_core.cpp:361] (t=5.000s) ConnectionMonitor ID=0 0(input) => 1(output): [preId,postId] wt (+/-wtChange in 5000ms) show first 100
[INFO c:\users\collin abidi\desktop\carlsim4\carlsim\monitor\connection_monitor_core.cpp:395] [  0,  0] 0.0384   [  0,  1] 0.0200   [  0,  2] 0.0063   [  0,  3] 0.0211   
[INFO c:\users\collin abidi\desktop\carlsim4\carlsim\monitor\connection_monitor_core.cpp:395] [  0,  4] 0.0110   [  0,  6] 0.0070   [  1,  0] 0.0414   [  1,  1] 0.0244   
[INFO c:\users\collin abidi\desktop\carlsim4\carlsim\monitor\connection_monitor_core.cpp:395] [  1,  2] 0.0086   [  1,  3] 0.0228   [  1,  4] 0.0134   [  1,  6] 0.0075   
[INFO c:\users\collin abidi\desktop\carlsim4\carlsim\monitor\connection_monitor_core.cpp:395] [  2,  0] 0.0436   [  2,  1] 0.0288   [  2,  2] 0.0114   [  2,  3] 0.0240   
[INFO c:\users\collin abidi\desktop\carlsim4\carlsim\monitor\connection_monitor_core.cpp:395] [  2,  4] 0.0159   [  2,  5] 0.0063   [  2,  6] 0.0079   [  2,  7] 0.0052   
[INFO c:\users\collin abidi\desktop\carlsim4\carlsim\monitor\connection_monitor_core.cpp:395] [  3,  0] 0.0446   [  3,  1] 0.0332   [  3,  2] 0.0148   [  3,  3] 0.0245   
[INFO c:\users\collin abidi\desktop\carlsim4\carlsim\monitor\connection_monitor_core.cpp:395] [  3,  4] 0.0183   [  3,  5] 0.0081   [  3,  6] 0.0081   [  3,  7] 0.0060   
[INFO c:\users\collin abidi\desktop\carlsim4\carlsim\monitor\connection_monitor_core.cpp:395] [  4,  0] 0.0444   [  4,  1] 0.0372   [  4,  2] 0.0187   [  4,  3] 0.0244   
[INFO c:\users\collin abidi\desktop\carlsim4\carlsim\monitor\connection_monitor_core.cpp:395] [  4,  4] 0.0205   [  4,  5] 0.0103   [  4,  6] 0.0081   [  4,  7] 0.0067   
[INFO c:\users\collin abidi\desktop\carlsim4\carlsim\monitor\connection_monitor_core.cpp:395] [  5,  0] 0.0430   [  5,  1] 0.0405   [  5,  2] 0.0229   [  5,  3] 0.0237   
[INFO c:\users\collin abidi\desktop\carlsim4\carlsim\monitor\connection_monitor_core.cpp:395] [  5,  4] 0.0223   [  5,  5] 0.0126   [  5,  6] 0.0078   [  5,  7] 0.0074   
[INFO c:\users\collin abidi\desktop\carlsim4\carlsim\monitor\connection_monitor_core.cpp:395] [  6,  0] 0.0405   [  6,  1] 0.0430   [  6,  2] 0.0273   [  6,  3] 0.0223   
[INFO c:\users\collin abidi\desktop\carlsim4\carlsim\monitor\connection_monitor_core.cpp:395] [  6,  4] 0.0237   [  6,  5] 0.0150   [  6,  6] 0.0074   [  6,  7] 0.0078   
[INFO c:\users\collin abidi\desktop\carlsim4\carlsim\monitor\connection_monitor_core.cpp:395] [  7,  0] 0.0372   [  7,  1] 0.0444   [  7,  2] 0.0317   [  7,  3] 0.0205   
[INFO c:\users\collin abidi\desktop\carlsim4\carlsim\monitor\connection_monitor_core.cpp:395] [  7,  4] 0.0244   [  7,  5] 0.0175   [  7,  6] 0.0067   [  7,  7] 0.0081   
[INFO c:\users\collin abidi\desktop\carlsim4\carlsim\monitor\connection_monitor_core.cpp:395] [  7,  8] 0.0058   [  8,  0] 0.0332   [  8,  1] 0.0446   [  8,  2] 0.0359   
[INFO c:\users\collin abidi\desktop\carlsim4\carlsim\monitor\connection_monitor_core.cpp:395] [  8,  3] 0.0183   [  8,  4] 0.0245   [  8,  5] 0.0198   [  8,  6] 0.0060   
[INFO c:\users\collin abidi\desktop\carlsim4\carlsim\monitor\connection_monitor_core.cpp:395] [  8,  7] 0.0081   [  8,  8] 0.0065   [  9,  0] 0.0288   [  9,  1] 0.0436   
[INFO c:\users\collin abidi\desktop\carlsim4\carlsim\monitor\connection_monitor_core.cpp:395] [  9,  2] 0.0395   [  9,  3] 0.0159   [  9,  4] 0.0240   [  9,  5] 0.0217   
[INFO c:\users\collin abidi\desktop\carlsim4\carlsim\monitor\connection_monitor_core.cpp:395] [  9,  6] 0.0052   [  9,  7] 0.0079   [  9,  8] 0.0072   [ 10,  0] 0.0244   
[INFO c:\users\collin abidi\desktop\carlsim4\carlsim\monitor\connection_monitor_core.cpp:395] [ 10,  1] 0.0414   [ 10,  2] 0.0423   [ 10,  3] 0.0134   [ 10,  4] 0.0228   
[INFO c:\users\collin abidi\desktop\carlsim4\carlsim\monitor\connection_monitor_core.cpp:395] [ 10,  5] 0.0233   [ 10,  7] 0.0075   [ 10,  8] 0.0077   [ 11,  0] 0.0200   
[INFO c:\users\collin abidi\desktop\carlsim4\carlsim\monitor\connection_monitor_core.cpp:395] [ 11,  1] 0.0384   [ 11,  2] 0.0440   [ 11,  3] 0.0110   [ 11,  4] 0.0211   
[INFO c:\users\collin abidi\desktop\carlsim4\carlsim\monitor\connection_monitor_core.cpp:395] [ 11,  5] 0.0242   [ 11,  7] 0.0070   [ 11,  8] 0.0080   [ 12,  0] 0.0160   
[INFO c:\users\collin abidi\desktop\carlsim4\carlsim\monitor\connection_monitor_core.cpp:395] [ 12,  1] 0.0346   [ 12,  2] 0.0446   [ 12,  3] 0.0088   [ 12,  4] 0.0190   
[DEBUG c:\users\collin abidi\desktop\carlsim4\carlsim\kernel\src\snn_manager.cpp:797] runNetwork: runDur=1000ms, printRunSummary=y
[INFO c:\users\collin abidi\desktop\carlsim4\carlsim\kernel\src\print_snn_info.cpp:116] (t=6.000s) SpikeMonitor for group input(0) has 3498 spikes in 1000ms (29.90 +/- 5.13 Hz)
[INFO c:\users\collin abidi\desktop\carlsim4\carlsim\kernel\src\print_snn_info.cpp:116] (t=6.000s) SpikeMonitor for group output(1) has 1495 spikes in 1000ms (166.11 +/- 39.28 Hz)
[INFO c:\users\collin abidi\desktop\carlsim4\carlsim\monitor\connection_monitor_core.cpp:361] (t=6.000s) ConnectionMonitor ID=0 0(input) => 1(output): [preId,postId] wt (+/-wtChange in 6000ms) show first 100
[INFO c:\users\collin abidi\desktop\carlsim4\carlsim\monitor\connection_monitor_core.cpp:395] [  0,  0] 0.0384   [  0,  1] 0.0200   [  0,  2] 0.0063   [  0,  3] 0.0211   
[INFO c:\users\collin abidi\desktop\carlsim4\carlsim\monitor\connection_monitor_core.cpp:395] [  0,  4] 0.0110   [  0,  6] 0.0070   [  1,  0] 0.0414   [  1,  1] 0.0244   
[INFO c:\users\collin abidi\desktop\carlsim4\carlsim\monitor\connection_monitor_core.cpp:395] [  1,  2] 0.0086   [  1,  3] 0.0228   [  1,  4] 0.0134   [  1,  6] 0.0075   
[INFO c:\users\collin abidi\desktop\carlsim4\carlsim\monitor\connection_monitor_core.cpp:395] [  2,  0] 0.0436   [  2,  1] 0.0288   [  2,  2] 0.0114   [  2,  3] 0.0240   
[INFO c:\users\collin abidi\desktop\carlsim4\carlsim\monitor\connection_monitor_core.cpp:395] [  2,  4] 0.0159   [  2,  5] 0.0063   [  2,  6] 0.0079   [  2,  7] 0.0052   
[INFO c:\users\collin abidi\desktop\carlsim4\carlsim\monitor\connection_monitor_core.cpp:395] [  3,  0] 0.0446   [  3,  1] 0.0332   [  3,  2] 0.0148   [  3,  3] 0.0245   
[INFO c:\users\collin abidi\desktop\carlsim4\carlsim\monitor\connection_monitor_core.cpp:395] [  3,  4] 0.0183   [  3,  5] 0.0081   [  3,  6] 0.0081   [  3,  7] 0.0060   
[INFO c:\users\collin abidi\desktop\carlsim4\carlsim\monitor\connection_monitor_core.cpp:395] [  4,  0] 0.0444   [  4,  1] 0.0372   [  4,  2] 0.0187   [  4,  3] 0.0244   
[INFO c:\users\collin abidi\desktop\carlsim4\carlsim\monitor\connection_monitor_core.cpp:395] [  4,  4] 0.0205   [  4,  5] 0.0103   [  4,  6] 0.0081   [  4,  7] 0.0067   
[INFO c:\users\collin abidi\desktop\carlsim4\carlsim\monitor\connection_monitor_core.cpp:395] [  5,  0] 0.0430   [  5,  1] 0.0405   [  5,  2] 0.0229   [  5,  3] 0.0237   
[INFO c:\users\collin abidi\desktop\carlsim4\carlsim\monitor\connection_monitor_core.cpp:395] [  5,  4] 0.0223   [  5,  5] 0.0126   [  5,  6] 0.0078   [  5,  7] 0.0074   
[INFO c:\users\collin abidi\desktop\carlsim4\carlsim\monitor\connection_monitor_core.cpp:395] [  6,  0] 0.0405   [  6,  1] 0.0430   [  6,  2] 0.0273   [  6,  3] 0.0223   
[INFO c:\users\collin abidi\desktop\carlsim4\carlsim\monitor\connection_monitor_core.cpp:395] [  6,  4] 0.0237   [  6,  5] 0.0150   [  6,  6] 0.0074   [  6,  7] 0.0078   
[INFO c:\users\collin abidi\desktop\carlsim4\carlsim\monitor\connection_monitor_core.cpp:395] [  7,  0] 0.0372   [  7,  1] 0.0444   [  7,  2] 0.0317   [  7,  3] 0.0205   
[INFO c:\users\collin abidi\desktop\carlsim4\carlsim\monitor\connection_monitor_core.cpp:395] [  7,  4] 0.0244   [  7,  5] 0.0175   [  7,  6] 0.0067   [  7,  7] 0.0081   
[INFO c:\users\collin abidi\desktop\carlsim4\carlsim\monitor\connection_monitor_core.cpp:395] [  7,  8] 0.0058   [  8,  0] 0.0332   [  8,  1] 0.0446   [  8,  2] 0.0359   
[INFO c:\users\collin abidi\desktop\carlsim4\carlsim\monitor\connection_monitor_core.cpp:395] [  8,  3] 0.0183   [  8,  4] 0.0245   [  8,  5] 0.0198   [  8,  6] 0.0060   
[INFO c:\users\collin abidi\desktop\carlsim4\carlsim\monitor\connection_monitor_core.cpp:395] [  8,  7] 0.0081   [  8,  8] 0.0065   [  9,  0] 0.0288   [  9,  1] 0.0436   
[INFO c:\users\collin abidi\desktop\carlsim4\carlsim\monitor\connection_monitor_core.cpp:395] [  9,  2] 0.0395   [  9,  3] 0.0159   [  9,  4] 0.0240   [  9,  5] 0.0217   
[INFO c:\users\collin abidi\desktop\carlsim4\carlsim\monitor\connection_monitor_core.cpp:395] [  9,  6] 0.0052   [  9,  7] 0.0079   [  9,  8] 0.0072   [ 10,  0] 0.0244   
[INFO c:\users\collin abidi\desktop\carlsim4\carlsim\monitor\connection_monitor_core.cpp:395] [ 10,  1] 0.0414   [ 10,  2] 0.0423   [ 10,  3] 0.0134   [ 10,  4] 0.0228   
[INFO c:\users\collin abidi\desktop\carlsim4\carlsim\monitor\connection_monitor_core.cpp:395] [ 10,  5] 0.0233   [ 10,  7] 0.0075   [ 10,  8] 0.0077   [ 11,  0] 0.0200   
[INFO c:\users\collin abidi\desktop\carlsim4\carlsim\monitor\connection_monitor_core.cpp:395] [ 11,  1] 0.0384   [ 11,  2] 0.0440   [ 11,  3] 0.0110   [ 11,  4] 0.0211   
[INFO c:\users\collin abidi\desktop\carlsim4\carlsim\monitor\connection_monitor_core.cpp:395] [ 11,  5] 0.0242   [ 11,  7] 0.0070   [ 11,  8] 0.0080   [ 12,  0] 0.0160   
[INFO c:\users\collin abidi\desktop\carlsim4\carlsim\monitor\connection_monitor_core.cpp:395] [ 12,  1] 0.0346   [ 12,  2] 0.0446   [ 12,  3] 0.0088   [ 12,  4] 0.0190   
[DEBUG c:\users\collin abidi\desktop\carlsim4\carlsim\kernel\src\snn_manager.cpp:797] runNetwork: runDur=1000ms, printRunSummary=y
[INFO c:\users\collin abidi\desktop\carlsim4\carlsim\kernel\src\print_snn_info.cpp:116] (t=7.000s) SpikeMonitor for group input(0) has 3480 spikes in 1000ms (29.74 +/- 4.75 Hz)
[INFO c:\users\collin abidi\desktop\carlsim4\carlsim\kernel\src\print_snn_info.cpp:116] (t=7.000s) SpikeMonitor for group output(1) has 1480 spikes in 1000ms (164.44 +/- 37.93 Hz)
[INFO c:\users\collin abidi\desktop\carlsim4\carlsim\monitor\connection_monitor_core.cpp:361] (t=7.000s) ConnectionMonitor ID=0 0(input) => 1(output): [preId,postId] wt (+/-wtChange in 7000ms) show first 100
[INFO c:\users\collin abidi\desktop\carlsim4\carlsim\monitor\connection_monitor_core.cpp:395] [  0,  0] 0.0384   [  0,  1] 0.0200   [  0,  2] 0.0063   [  0,  3] 0.0211   
[INFO c:\users\collin abidi\desktop\carlsim4\carlsim\monitor\connection_monitor_core.cpp:395] [  0,  4] 0.0110   [  0,  6] 0.0070   [  1,  0] 0.0414   [  1,  1] 0.0244   
[INFO c:\users\collin abidi\desktop\carlsim4\carlsim\monitor\connection_monitor_core.cpp:395] [  1,  2] 0.0086   [  1,  3] 0.0228   [  1,  4] 0.0134   [  1,  6] 0.0075   
[INFO c:\users\collin abidi\desktop\carlsim4\carlsim\monitor\connection_monitor_core.cpp:395] [  2,  0] 0.0436   [  2,  1] 0.0288   [  2,  2] 0.0114   [  2,  3] 0.0240   
[INFO c:\users\collin abidi\desktop\carlsim4\carlsim\monitor\connection_monitor_core.cpp:395] [  2,  4] 0.0159   [  2,  5] 0.0063   [  2,  6] 0.0079   [  2,  7] 0.0052   
[INFO c:\users\collin abidi\desktop\carlsim4\carlsim\monitor\connection_monitor_core.cpp:395] [  3,  0] 0.0446   [  3,  1] 0.0332   [  3,  2] 0.0148   [  3,  3] 0.0245   
[INFO c:\users\collin abidi\desktop\carlsim4\carlsim\monitor\connection_monitor_core.cpp:395] [  3,  4] 0.0183   [  3,  5] 0.0081   [  3,  6] 0.0081   [  3,  7] 0.0060   
[INFO c:\users\collin abidi\desktop\carlsim4\carlsim\monitor\connection_monitor_core.cpp:395] [  4,  0] 0.0444   [  4,  1] 0.0372   [  4,  2] 0.0187   [  4,  3] 0.0244   
[INFO c:\users\collin abidi\desktop\carlsim4\carlsim\monitor\connection_monitor_core.cpp:395] [  4,  4] 0.0205   [  4,  5] 0.0103   [  4,  6] 0.0081   [  4,  7] 0.0067   
[INFO c:\users\collin abidi\desktop\carlsim4\carlsim\monitor\connection_monitor_core.cpp:395] [  5,  0] 0.0430   [  5,  1] 0.0405   [  5,  2] 0.0229   [  5,  3] 0.0237   
[INFO c:\users\collin abidi\desktop\carlsim4\carlsim\monitor\connection_monitor_core.cpp:395] [  5,  4] 0.0223   [  5,  5] 0.0126   [  5,  6] 0.0078   [  5,  7] 0.0074   
[INFO c:\users\collin abidi\desktop\carlsim4\carlsim\monitor\connection_monitor_core.cpp:395] [  6,  0] 0.0405   [  6,  1] 0.0430   [  6,  2] 0.0273   [  6,  3] 0.0223   
[INFO c:\users\collin abidi\desktop\carlsim4\carlsim\monitor\connection_monitor_core.cpp:395] [  6,  4] 0.0237   [  6,  5] 0.0150   [  6,  6] 0.0074   [  6,  7] 0.0078   
[INFO c:\users\collin abidi\desktop\carlsim4\carlsim\monitor\connection_monitor_core.cpp:395] [  7,  0] 0.0372   [  7,  1] 0.0444   [  7,  2] 0.0317   [  7,  3] 0.0205   
[INFO c:\users\collin abidi\desktop\carlsim4\carlsim\monitor\connection_monitor_core.cpp:395] [  7,  4] 0.0244   [  7,  5] 0.0175   [  7,  6] 0.0067   [  7,  7] 0.0081   
[INFO c:\users\collin abidi\desktop\carlsim4\carlsim\monitor\connection_monitor_core.cpp:395] [  7,  8] 0.0058   [  8,  0] 0.0332   [  8,  1] 0.0446   [  8,  2] 0.0359   
[INFO c:\users\collin abidi\desktop\carlsim4\carlsim\monitor\connection_monitor_core.cpp:395] [  8,  3] 0.0183   [  8,  4] 0.0245   [  8,  5] 0.0198   [  8,  6] 0.0060   
[INFO c:\users\collin abidi\desktop\carlsim4\carlsim\monitor\connection_monitor_core.cpp:395] [  8,  7] 0.0081   [  8,  8] 0.0065   [  9,  0] 0.0288   [  9,  1] 0.0436   
[INFO c:\users\collin abidi\desktop\carlsim4\carlsim\monitor\connection_monitor_core.cpp:395] [  9,  2] 0.0395   [  9,  3] 0.0159   [  9,  4] 0.0240   [  9,  5] 0.0217   
[INFO c:\users\collin abidi\desktop\carlsim4\carlsim\monitor\connection_monitor_core.cpp:395] [  9,  6] 0.0052   [  9,  7] 0.0079   [  9,  8] 0.0072   [ 10,  0] 0.0244   
[INFO c:\users\collin abidi\desktop\carlsim4\carlsim\monitor\connection_monitor_core.cpp:395] [ 10,  1] 0.0414   [ 10,  2] 0.0423   [ 10,  3] 0.0134   [ 10,  4] 0.0228   
[INFO c:\users\collin abidi\desktop\carlsim4\carlsim\monitor\connection_monitor_core.cpp:395] [ 10,  5] 0.0233   [ 10,  7] 0.0075   [ 10,  8] 0.0077   [ 11,  0] 0.0200   
[INFO c:\users\collin abidi\desktop\carlsim4\carlsim\monitor\connection_monitor_core.cpp:395] [ 11,  1] 0.0384   [ 11,  2] 0.0440   [ 11,  3] 0.0110   [ 11,  4] 0.0211   
[INFO c:\users\collin abidi\desktop\carlsim4\carlsim\monitor\connection_monitor_core.cpp:395] [ 11,  5] 0.0242   [ 11,  7] 0.0070   [ 11,  8] 0.0080   [ 12,  0] 0.0160   
[INFO c:\users\collin abidi\desktop\carlsim4\carlsim\monitor\connection_monitor_core.cpp:395] [ 12,  1] 0.0346   [ 12,  2] 0.0446   [ 12,  3] 0.0088   [ 12,  4] 0.0190   
[DEBUG c:\users\collin abidi\desktop\carlsim4\carlsim\kernel\src\snn_manager.cpp:797] runNetwork: runDur=1000ms, printRunSummary=y
[INFO c:\users\collin abidi\desktop\carlsim4\carlsim\kernel\src\print_snn_info.cpp:116] (t=8.000s) SpikeMonitor for group input(0) has 3455 spikes in 1000ms (29.53 +/- 5.96 Hz)
[INFO c:\users\collin abidi\desktop\carlsim4\carlsim\kernel\src\print_snn_info.cpp:116] (t=8.000s) SpikeMonitor for group output(1) has 1467 spikes in 1000ms (163.00 +/- 39.53 Hz)
[INFO c:\users\collin abidi\desktop\carlsim4\carlsim\monitor\connection_monitor_core.cpp:361] (t=8.000s) ConnectionMonitor ID=0 0(input) => 1(output): [preId,postId] wt (+/-wtChange in 8000ms) show first 100
[INFO c:\users\collin abidi\desktop\carlsim4\carlsim\monitor\connection_monitor_core.cpp:395] [  0,  0] 0.0384   [  0,  1] 0.0200   [  0,  2] 0.0063   [  0,  3] 0.0211   
[INFO c:\users\collin abidi\desktop\carlsim4\carlsim\monitor\connection_monitor_core.cpp:395] [  0,  4] 0.0110   [  0,  6] 0.0070   [  1,  0] 0.0414   [  1,  1] 0.0244   
[INFO c:\users\collin abidi\desktop\carlsim4\carlsim\monitor\connection_monitor_core.cpp:395] [  1,  2] 0.0086   [  1,  3] 0.0228   [  1,  4] 0.0134   [  1,  6] 0.0075   
[INFO c:\users\collin abidi\desktop\carlsim4\carlsim\monitor\connection_monitor_core.cpp:395] [  2,  0] 0.0436   [  2,  1] 0.0288   [  2,  2] 0.0114   [  2,  3] 0.0240   
[INFO c:\users\collin abidi\desktop\carlsim4\carlsim\monitor\connection_monitor_core.cpp:395] [  2,  4] 0.0159   [  2,  5] 0.0063   [  2,  6] 0.0079   [  2,  7] 0.0052   
[INFO c:\users\collin abidi\desktop\carlsim4\carlsim\monitor\connection_monitor_core.cpp:395] [  3,  0] 0.0446   [  3,  1] 0.0332   [  3,  2] 0.0148   [  3,  3] 0.0245   
[INFO c:\users\collin abidi\desktop\carlsim4\carlsim\monitor\connection_monitor_core.cpp:395] [  3,  4] 0.0183   [  3,  5] 0.0081   [  3,  6] 0.0081   [  3,  7] 0.0060   
[INFO c:\users\collin abidi\desktop\carlsim4\carlsim\monitor\connection_monitor_core.cpp:395] [  4,  0] 0.0444   [  4,  1] 0.0372   [  4,  2] 0.0187   [  4,  3] 0.0244   
[INFO c:\users\collin abidi\desktop\carlsim4\carlsim\monitor\connection_monitor_core.cpp:395] [  4,  4] 0.0205   [  4,  5] 0.0103   [  4,  6] 0.0081   [  4,  7] 0.0067   
[INFO c:\users\collin abidi\desktop\carlsim4\carlsim\monitor\connection_monitor_core.cpp:395] [  5,  0] 0.0430   [  5,  1] 0.0405   [  5,  2] 0.0229   [  5,  3] 0.0237   
[INFO c:\users\collin abidi\desktop\carlsim4\carlsim\monitor\connection_monitor_core.cpp:395] [  5,  4] 0.0223   [  5,  5] 0.0126   [  5,  6] 0.0078   [  5,  7] 0.0074   
[INFO c:\users\collin abidi\desktop\carlsim4\carlsim\monitor\connection_monitor_core.cpp:395] [  6,  0] 0.0405   [  6,  1] 0.0430   [  6,  2] 0.0273   [  6,  3] 0.0223   
[INFO c:\users\collin abidi\desktop\carlsim4\carlsim\monitor\connection_monitor_core.cpp:395] [  6,  4] 0.0237   [  6,  5] 0.0150   [  6,  6] 0.0074   [  6,  7] 0.0078   
[INFO c:\users\collin abidi\desktop\carlsim4\carlsim\monitor\connection_monitor_core.cpp:395] [  7,  0] 0.0372   [  7,  1] 0.0444   [  7,  2] 0.0317   [  7,  3] 0.0205   
[INFO c:\users\collin abidi\desktop\carlsim4\carlsim\monitor\connection_monitor_core.cpp:395] [  7,  4] 0.0244   [  7,  5] 0.0175   [  7,  6] 0.0067   [  7,  7] 0.0081   
[INFO c:\users\collin abidi\desktop\carlsim4\carlsim\monitor\connection_monitor_core.cpp:395] [  7,  8] 0.0058   [  8,  0] 0.0332   [  8,  1] 0.0446   [  8,  2] 0.0359   
[INFO c:\users\collin abidi\desktop\carlsim4\carlsim\monitor\connection_monitor_core.cpp:395] [  8,  3] 0.0183   [  8,  4] 0.0245   [  8,  5] 0.0198   [  8,  6] 0.0060   
[INFO c:\users\collin abidi\desktop\carlsim4\carlsim\monitor\connection_monitor_core.cpp:395] [  8,  7] 0.0081   [  8,  8] 0.0065   [  9,  0] 0.0288   [  9,  1] 0.0436   
[INFO c:\users\collin abidi\desktop\carlsim4\carlsim\monitor\connection_monitor_core.cpp:395] [  9,  2] 0.0395   [  9,  3] 0.0159   [  9,  4] 0.0240   [  9,  5] 0.0217   
[INFO c:\users\collin abidi\desktop\carlsim4\carlsim\monitor\connection_monitor_core.cpp:395] [  9,  6] 0.0052   [  9,  7] 0.0079   [  9,  8] 0.0072   [ 10,  0] 0.0244   
[INFO c:\users\collin abidi\desktop\carlsim4\carlsim\monitor\connection_monitor_core.cpp:395] [ 10,  1] 0.0414   [ 10,  2] 0.0423   [ 10,  3] 0.0134   [ 10,  4] 0.0228   
[INFO c:\users\collin abidi\desktop\carlsim4\carlsim\monitor\connection_monitor_core.cpp:395] [ 10,  5] 0.0233   [ 10,  7] 0.0075   [ 10,  8] 0.0077   [ 11,  0] 0.0200   
[INFO c:\users\collin abidi\desktop\carlsim4\carlsim\monitor\connection_monitor_core.cpp:395] [ 11,  1] 0.0384   [ 11,  2] 0.0440   [ 11,  3] 0.0110   [ 11,  4] 0.0211   
[INFO c:\users\collin abidi\desktop\carlsim4\carlsim\monitor\connection_monitor_core.cpp:395] [ 11,  5] 0.0242   [ 11,  7] 0.0070   [ 11,  8] 0.0080   [ 12,  0] 0.0160   
[INFO c:\users\collin abidi\desktop\carlsim4\carlsim\monitor\connection_monitor_core.cpp:395] [ 12,  1] 0.0346   [ 12,  2] 0.0446   [ 12,  3] 0.0088   [ 12,  4] 0.0190   
[DEBUG c:\users\collin abidi\desktop\carlsim4\carlsim\kernel\src\snn_manager.cpp:797] runNetwork: runDur=1000ms, printRunSummary=y
[INFO c:\users\collin abidi\desktop\carlsim4\carlsim\kernel\src\print_snn_info.cpp:116] (t=9.000s) SpikeMonitor for group input(0) has 3517 spikes in 1000ms (30.06 +/- 5.73 Hz)
[INFO c:\users\collin abidi\desktop\carlsim4\carlsim\kernel\src\print_snn_info.cpp:116] (t=9.000s) SpikeMonitor for group output(1) has 1522 spikes in 1000ms (169.11 +/- 37.58 Hz)
[INFO c:\users\collin abidi\desktop\carlsim4\carlsim\monitor\connection_monitor_core.cpp:361] (t=9.000s) ConnectionMonitor ID=0 0(input) => 1(output): [preId,postId] wt (+/-wtChange in 9000ms) show first 100
[INFO c:\users\collin abidi\desktop\carlsim4\carlsim\monitor\connection_monitor_core.cpp:395] [  0,  0] 0.0384   [  0,  1] 0.0200   [  0,  2] 0.0063   [  0,  3] 0.0211   
[INFO c:\users\collin abidi\desktop\carlsim4\carlsim\monitor\connection_monitor_core.cpp:395] [  0,  4] 0.0110   [  0,  6] 0.0070   [  1,  0] 0.0414   [  1,  1] 0.0244   
[INFO c:\users\collin abidi\desktop\carlsim4\carlsim\monitor\connection_monitor_core.cpp:395] [  1,  2] 0.0086   [  1,  3] 0.0228   [  1,  4] 0.0134   [  1,  6] 0.0075   
[INFO c:\users\collin abidi\desktop\carlsim4\carlsim\monitor\connection_monitor_core.cpp:395] [  2,  0] 0.0436   [  2,  1] 0.0288   [  2,  2] 0.0114   [  2,  3] 0.0240   
[INFO c:\users\collin abidi\desktop\carlsim4\carlsim\monitor\connection_monitor_core.cpp:395] [  2,  4] 0.0159   [  2,  5] 0.0063   [  2,  6] 0.0079   [  2,  7] 0.0052   
[INFO c:\users\collin abidi\desktop\carlsim4\carlsim\monitor\connection_monitor_core.cpp:395] [  3,  0] 0.0446   [  3,  1] 0.0332   [  3,  2] 0.0148   [  3,  3] 0.0245   
[INFO c:\users\collin abidi\desktop\carlsim4\carlsim\monitor\connection_monitor_core.cpp:395] [  3,  4] 0.0183   [  3,  5] 0.0081   [  3,  6] 0.0081   [  3,  7] 0.0060   
[INFO c:\users\collin abidi\desktop\carlsim4\carlsim\monitor\connection_monitor_core.cpp:395] [  4,  0] 0.0444   [  4,  1] 0.0372   [  4,  2] 0.0187   [  4,  3] 0.0244   
[INFO c:\users\collin abidi\desktop\carlsim4\carlsim\monitor\connection_monitor_core.cpp:395] [  4,  4] 0.0205   [  4,  5] 0.0103   [  4,  6] 0.0081   [  4,  7] 0.0067   
[INFO c:\users\collin abidi\desktop\carlsim4\carlsim\monitor\connection_monitor_core.cpp:395] [  5,  0] 0.0430   [  5,  1] 0.0405   [  5,  2] 0.0229   [  5,  3] 0.0237   
[INFO c:\users\collin abidi\desktop\carlsim4\carlsim\monitor\connection_monitor_core.cpp:395] [  5,  4] 0.0223   [  5,  5] 0.0126   [  5,  6] 0.0078   [  5,  7] 0.0074   
[INFO c:\users\collin abidi\desktop\carlsim4\carlsim\monitor\connection_monitor_core.cpp:395] [  6,  0] 0.0405   [  6,  1] 0.0430   [  6,  2] 0.0273   [  6,  3] 0.0223   
[INFO c:\users\collin abidi\desktop\carlsim4\carlsim\monitor\connection_monitor_core.cpp:395] [  6,  4] 0.0237   [  6,  5] 0.0150   [  6,  6] 0.0074   [  6,  7] 0.0078   
[INFO c:\users\collin abidi\desktop\carlsim4\carlsim\monitor\connection_monitor_core.cpp:395] [  7,  0] 0.0372   [  7,  1] 0.0444   [  7,  2] 0.0317   [  7,  3] 0.0205   
[INFO c:\users\collin abidi\desktop\carlsim4\carlsim\monitor\connection_monitor_core.cpp:395] [  7,  4] 0.0244   [  7,  5] 0.0175   [  7,  6] 0.0067   [  7,  7] 0.0081   
[INFO c:\users\collin abidi\desktop\carlsim4\carlsim\monitor\connection_monitor_core.cpp:395] [  7,  8] 0.0058   [  8,  0] 0.0332   [  8,  1] 0.0446   [  8,  2] 0.0359   
[INFO c:\users\collin abidi\desktop\carlsim4\carlsim\monitor\connection_monitor_core.cpp:395] [  8,  3] 0.0183   [  8,  4] 0.0245   [  8,  5] 0.0198   [  8,  6] 0.0060   
[INFO c:\users\collin abidi\desktop\carlsim4\carlsim\monitor\connection_monitor_core.cpp:395] [  8,  7] 0.0081   [  8,  8] 0.0065   [  9,  0] 0.0288   [  9,  1] 0.0436   
[INFO c:\users\collin abidi\desktop\carlsim4\carlsim\monitor\connection_monitor_core.cpp:395] [  9,  2] 0.0395   [  9,  3] 0.0159   [  9,  4] 0.0240   [  9,  5] 0.0217   
[INFO c:\users\collin abidi\desktop\carlsim4\carlsim\monitor\connection_monitor_core.cpp:395] [  9,  6] 0.0052   [  9,  7] 0.0079   [  9,  8] 0.0072   [ 10,  0] 0.0244   
[INFO c:\users\collin abidi\desktop\carlsim4\carlsim\monitor\connection_monitor_core.cpp:395] [ 10,  1] 0.0414   [ 10,  2] 0.0423   [ 10,  3] 0.0134   [ 10,  4] 0.0228   
[INFO c:\users\collin abidi\desktop\carlsim4\carlsim\monitor\connection_monitor_core.cpp:395] [ 10,  5] 0.0233   [ 10,  7] 0.0075   [ 10,  8] 0.0077   [ 11,  0] 0.0200   
[INFO c:\users\collin abidi\desktop\carlsim4\carlsim\monitor\connection_monitor_core.cpp:395] [ 11,  1] 0.0384   [ 11,  2] 0.0440   [ 11,  3] 0.0110   [ 11,  4] 0.0211   
[INFO c:\users\collin abidi\desktop\carlsim4\carlsim\monitor\connection_monitor_core.cpp:395] [ 11,  5] 0.0242   [ 11,  7] 0.0070   [ 11,  8] 0.0080   [ 12,  0] 0.0160   
[INFO c:\users\collin abidi\desktop\carlsim4\carlsim\monitor\connection_monitor_core.cpp:395] [ 12,  1] 0.0346   [ 12,  2] 0.0446   [ 12,  3] 0.0088   [ 12,  4] 0.0190   
[DEBUG c:\users\collin abidi\desktop\carlsim4\carlsim\kernel\src\snn_manager.cpp:797] runNetwork: runDur=1000ms, printRunSummary=y
[INFO c:\users\collin abidi\desktop\carlsim4\carlsim\kernel\src\print_snn_info.cpp:116] (t=10.000s) SpikeMonitor for group input(0) has 3443 spikes in 1000ms (29.43 +/- 5.44 Hz)
[INFO c:\users\collin abidi\desktop\carlsim4\carlsim\kernel\src\print_snn_info.cpp:116] (t=10.000s) SpikeMonitor for group output(1) has 1463 spikes in 1000ms (162.56 +/- 37.83 Hz)
[INFO c:\users\collin abidi\desktop\carlsim4\carlsim\monitor\connection_monitor_core.cpp:361] (t=10.000s) ConnectionMonitor ID=0 0(input) => 1(output): [preId,postId] wt (+/-wtChange in 10000ms) show first 100
[INFO c:\users\collin abidi\desktop\carlsim4\carlsim\monitor\connection_monitor_core.cpp:395] [  0,  0] 0.0384   [  0,  1] 0.0200   [  0,  2] 0.0063   [  0,  3] 0.0211   
[INFO c:\users\collin abidi\desktop\carlsim4\carlsim\monitor\connection_monitor_core.cpp:395] [  0,  4] 0.0110   [  0,  6] 0.0070   [  1,  0] 0.0414   [  1,  1] 0.0244   
[INFO c:\users\collin abidi\desktop\carlsim4\carlsim\monitor\connection_monitor_core.cpp:395] [  1,  2] 0.0086   [  1,  3] 0.0228   [  1,  4] 0.0134   [  1,  6] 0.0075   
[INFO c:\users\collin abidi\desktop\carlsim4\carlsim\monitor\connection_monitor_core.cpp:395] [  2,  0] 0.0436   [  2,  1] 0.0288   [  2,  2] 0.0114   [  2,  3] 0.0240   
[INFO c:\users\collin abidi\desktop\carlsim4\carlsim\monitor\connection_monitor_core.cpp:395] [  2,  4] 0.0159   [  2,  5] 0.0063   [  2,  6] 0.0079   [  2,  7] 0.0052   
[INFO c:\users\collin abidi\desktop\carlsim4\carlsim\monitor\connection_monitor_core.cpp:395] [  3,  0] 0.0446   [  3,  1] 0.0332   [  3,  2] 0.0148   [  3,  3] 0.0245   
[INFO c:\users\collin abidi\desktop\carlsim4\carlsim\monitor\connection_monitor_core.cpp:395] [  3,  4] 0.0183   [  3,  5] 0.0081   [  3,  6] 0.0081   [  3,  7] 0.0060   
[INFO c:\users\collin abidi\desktop\carlsim4\carlsim\monitor\connection_monitor_core.cpp:395] [  4,  0] 0.0444   [  4,  1] 0.0372   [  4,  2] 0.0187   [  4,  3] 0.0244   
[INFO c:\users\collin abidi\desktop\carlsim4\carlsim\monitor\connection_monitor_core.cpp:395] [  4,  4] 0.0205   [  4,  5] 0.0103   [  4,  6] 0.0081   [  4,  7] 0.0067   
[INFO c:\users\collin abidi\desktop\carlsim4\carlsim\monitor\connection_monitor_core.cpp:395] [  5,  0] 0.0430   [  5,  1] 0.0405   [  5,  2] 0.0229   [  5,  3] 0.0237   
[INFO c:\users\collin abidi\desktop\carlsim4\carlsim\monitor\connection_monitor_core.cpp:395] [  5,  4] 0.0223   [  5,  5] 0.0126   [  5,  6] 0.0078   [  5,  7] 0.0074   
[INFO c:\users\collin abidi\desktop\carlsim4\carlsim\monitor\connection_monitor_core.cpp:395] [  6,  0] 0.0405   [  6,  1] 0.0430   [  6,  2] 0.0273   [  6,  3] 0.0223   
[INFO c:\users\collin abidi\desktop\carlsim4\carlsim\monitor\connection_monitor_core.cpp:395] [  6,  4] 0.0237   [  6,  5] 0.0150   [  6,  6] 0.0074   [  6,  7] 0.0078   
[INFO c:\users\collin abidi\desktop\carlsim4\carlsim\monitor\connection_monitor_core.cpp:395] [  7,  0] 0.0372   [  7,  1] 0.0444   [  7,  2] 0.0317   [  7,  3] 0.0205   
[INFO c:\users\collin abidi\desktop\carlsim4\carlsim\monitor\connection_monitor_core.cpp:395] [  7,  4] 0.0244   [  7,  5] 0.0175   [  7,  6] 0.0067   [  7,  7] 0.0081   
[INFO c:\users\collin abidi\desktop\carlsim4\carlsim\monitor\connection_monitor_core.cpp:395] [  7,  8] 0.0058   [  8,  0] 0.0332   [  8,  1] 0.0446   [  8,  2] 0.0359   
[INFO c:\users\collin abidi\desktop\carlsim4\carlsim\monitor\connection_monitor_core.cpp:395] [  8,  3] 0.0183   [  8,  4] 0.0245   [  8,  5] 0.0198   [  8,  6] 0.0060   
[INFO c:\users\collin abidi\desktop\carlsim4\carlsim\monitor\connection_monitor_core.cpp:395] [  8,  7] 0.0081   [  8,  8] 0.0065   [  9,  0] 0.0288   [  9,  1] 0.0436   
[INFO c:\users\collin abidi\desktop\carlsim4\carlsim\monitor\connection_monitor_core.cpp:395] [  9,  2] 0.0395   [  9,  3] 0.0159   [  9,  4] 0.0240   [  9,  5] 0.0217   
[INFO c:\users\collin abidi\desktop\carlsim4\carlsim\monitor\connection_monitor_core.cpp:395] [  9,  6] 0.0052   [  9,  7] 0.0079   [  9,  8] 0.0072   [ 10,  0] 0.0244   
[INFO c:\users\collin abidi\desktop\carlsim4\carlsim\monitor\connection_monitor_core.cpp:395] [ 10,  1] 0.0414   [ 10,  2] 0.0423   [ 10,  3] 0.0134   [ 10,  4] 0.0228   
[INFO c:\users\collin abidi\desktop\carlsim4\carlsim\monitor\connection_monitor_core.cpp:395] [ 10,  5] 0.0233   [ 10,  7] 0.0075   [ 10,  8] 0.0077   [ 11,  0] 0.0200   
[INFO c:\users\collin abidi\desktop\carlsim4\carlsim\monitor\connection_monitor_core.cpp:395] [ 11,  1] 0.0384   [ 11,  2] 0.0440   [ 11,  3] 0.0110   [ 11,  4] 0.0211   
[INFO c:\users\collin abidi\desktop\carlsim4\carlsim\monitor\connection_monitor_core.cpp:395] [ 11,  5] 0.0242   [ 11,  7] 0.0070   [ 11,  8] 0.0080   [ 12,  0] 0.0160   
[INFO c:\users\collin abidi\desktop\carlsim4\carlsim\monitor\connection_monitor_core.cpp:395] [ 12,  1] 0.0346   [ 12,  2] 0.0446   [ 12,  3] 0.0088   [ 12,  4] 0.0190   
[INFO c:\users\collin abidi\desktop\carlsim4\carlsim\kernel\src\snn_manager.cpp:6545] 

[INFO c:\users\collin abidi\desktop\carlsim4\carlsim\kernel\src\snn_manager.cpp:6546] ********************    Simulation Summary      ***************************
[INFO c:\users\collin abidi\desktop\carlsim4\carlsim\kernel\src\snn_manager.cpp:6549] Network Parameters: 	numNeurons = 126 (numNExcReg:numNInhReg = 7.1:0.0)
[INFO c:\users\collin abidi\desktop\carlsim4\carlsim\kernel\src\snn_manager.cpp:6550] 			numSynapses = 1021
[INFO c:\users\collin abidi\desktop\carlsim4\carlsim\kernel\src\snn_manager.cpp:6551] 			maxDelay = 1
[INFO c:\users\collin abidi\desktop\carlsim4\carlsim\kernel\src\snn_manager.cpp:6552] Simulation Mode:	COBA
[INFO c:\users\collin abidi\desktop\carlsim4\carlsim\kernel\src\snn_manager.cpp:6553] Random Seed:		42
[INFO c:\users\collin abidi\desktop\carlsim4\carlsim\kernel\src\snn_manager.cpp:6554] Timing:			Model Simulation Time = 10 sec
[INFO c:\users\collin abidi\desktop\carlsim4\carlsim\kernel\src\snn_manager.cpp:6555] 			Actual Execution Time = 431603.13 sec
[INFO c:\users\collin abidi\desktop\carlsim4\carlsim\kernel\src\snn_manager.cpp:6557] Average Firing Rate:	2+ms delay = 0.000 Hz
[INFO c:\users\collin abidi\desktop\carlsim4\carlsim\kernel\src\snn_manager.cpp:6559] 			1ms delay = 39.547 Hz
[INFO c:\users\collin abidi\desktop\carlsim4\carlsim\kernel\src\snn_manager.cpp:6560] 			Overall = 39.547 Hz
[INFO c:\users\collin abidi\desktop\carlsim4\carlsim\kernel\src\snn_manager.cpp:6561] Overall Spike Count Transferred:
[INFO c:\users\collin abidi\desktop\carlsim4\carlsim\kernel\src\snn_manager.cpp:6562] 			2+ms delay = 0
[INFO c:\users\collin abidi\desktop\carlsim4\carlsim\kernel\src\snn_manager.cpp:6563] 			1ms delay = 0
[INFO c:\users\collin abidi\desktop\carlsim4\carlsim\kernel\src\snn_manager.cpp:6564] Overall Spike Count:	2+ms delay = 0
[INFO c:\users\collin abidi\desktop\carlsim4\carlsim\kernel\src\snn_manager.cpp:6565] 			1ms delay = 49829
[INFO c:\users\collin abidi\desktop\carlsim4\carlsim\kernel\src\snn_manager.cpp:6566] 			Total = 49829
[INFO c:\users\collin abidi\desktop\carlsim4\carlsim\kernel\src\snn_manager.cpp:6567] *********************************************************************************

