  stopwatch.cpp
stopwatch.cpp(160): warning C4477: 'fprintf' : format string '%02lu' requires an argument of type 'unsigned long', but variadic argument 2 has type 'uint64_t'
  stopwatch.cpp(160): note: consider using '%llu' in the format string
  stopwatch.cpp(160): note: consider using '%Iu' in the format string
  stopwatch.cpp(160): note: consider using '%I64u' in the format string
stopwatch.cpp(160): warning C4477: 'fprintf' : format string '%02lu' requires an argument of type 'unsigned long', but variadic argument 3 has type 'uint64_t'
  stopwatch.cpp(160): note: consider using '%llu' in the format string
  stopwatch.cpp(160): note: consider using '%Iu' in the format string
  stopwatch.cpp(160): note: consider using '%I64u' in the format string
stopwatch.cpp(160): warning C4477: 'fprintf' : format string '%02lu' requires an argument of type 'unsigned long', but variadic argument 4 has type 'uint64_t'
  stopwatch.cpp(160): note: consider using '%llu' in the format string
  stopwatch.cpp(160): note: consider using '%Iu' in the format string
  stopwatch.cpp(160): note: consider using '%I64u' in the format string
stopwatch.cpp(160): warning C4477: 'fprintf' : format string '%03lu' requires an argument of type 'unsigned long', but variadic argument 5 has type 'uint64_t'
  stopwatch.cpp(160): note: consider using '%llu' in the format string
  stopwatch.cpp(160): note: consider using '%Iu' in the format string
  stopwatch.cpp(160): note: consider using '%I64u' in the format string
stopwatch.cpp(160): warning C4477: 'fprintf' : format string '%02lu' requires an argument of type 'unsigned long', but variadic argument 6 has type 'uint64_t'
  stopwatch.cpp(160): note: consider using '%llu' in the format string
  stopwatch.cpp(160): note: consider using '%Iu' in the format string
  stopwatch.cpp(160): note: consider using '%I64u' in the format string
stopwatch.cpp(160): warning C4477: 'fprintf' : format string '%02lu' requires an argument of type 'unsigned long', but variadic argument 7 has type 'uint64_t'
  stopwatch.cpp(160): note: consider using '%llu' in the format string
  stopwatch.cpp(160): note: consider using '%Iu' in the format string
  stopwatch.cpp(160): note: consider using '%I64u' in the format string
stopwatch.cpp(160): warning C4477: 'fprintf' : format string '%02lu' requires an argument of type 'unsigned long', but variadic argument 8 has type 'uint64_t'
  stopwatch.cpp(160): note: consider using '%llu' in the format string
  stopwatch.cpp(160): note: consider using '%Iu' in the format string
  stopwatch.cpp(160): note: consider using '%I64u' in the format string
stopwatch.cpp(160): warning C4477: 'fprintf' : format string '%03lu' requires an argument of type 'unsigned long', but variadic argument 9 has type 'uint64_t'
  stopwatch.cpp(160): note: consider using '%llu' in the format string
  stopwatch.cpp(160): note: consider using '%Iu' in the format string
  stopwatch.cpp(160): note: consider using '%I64u' in the format string
stopwatch.cpp(160): warning C4477: 'fprintf' : format string '%02lu' requires an argument of type 'unsigned long', but variadic argument 10 has type 'uint64_t'
  stopwatch.cpp(160): note: consider using '%llu' in the format string
  stopwatch.cpp(160): note: consider using '%Iu' in the format string
  stopwatch.cpp(160): note: consider using '%I64u' in the format string
stopwatch.cpp(160): warning C4477: 'fprintf' : format string '%02lu' requires an argument of type 'unsigned long', but variadic argument 11 has type 'uint64_t'
  stopwatch.cpp(160): note: consider using '%llu' in the format string
  stopwatch.cpp(160): note: consider using '%Iu' in the format string
  stopwatch.cpp(160): note: consider using '%I64u' in the format string
stopwatch.cpp(160): warning C4477: 'fprintf' : format string '%02lu' requires an argument of type 'unsigned long', but variadic argument 12 has type 'uint64_t'
  stopwatch.cpp(160): note: consider using '%llu' in the format string
  stopwatch.cpp(160): note: consider using '%Iu' in the format string
  stopwatch.cpp(160): note: consider using '%I64u' in the format string
stopwatch.cpp(160): warning C4477: 'fprintf' : format string '%03lu' requires an argument of type 'unsigned long', but variadic argument 13 has type 'uint64_t'
  stopwatch.cpp(160): note: consider using '%llu' in the format string
  stopwatch.cpp(160): note: consider using '%Iu' in the format string
  stopwatch.cpp(160): note: consider using '%I64u' in the format string
stopwatch.cpp(160): warning C4477: 'fprintf' : format string '%02lu' requires an argument of type 'unsigned long', but variadic argument 14 has type 'uint64_t'
  stopwatch.cpp(160): note: consider using '%llu' in the format string
  stopwatch.cpp(160): note: consider using '%Iu' in the format string
  stopwatch.cpp(160): note: consider using '%I64u' in the format string
stopwatch.cpp(160): warning C4477: 'fprintf' : format string '%02lu' requires an argument of type 'unsigned long', but variadic argument 15 has type 'uint64_t'
  stopwatch.cpp(160): note: consider using '%llu' in the format string
  stopwatch.cpp(160): note: consider using '%Iu' in the format string
  stopwatch.cpp(160): note: consider using '%I64u' in the format string
stopwatch.cpp(160): warning C4477: 'fprintf' : format string '%02lu' requires an argument of type 'unsigned long', but variadic argument 16 has type 'uint64_t'
  stopwatch.cpp(160): note: consider using '%llu' in the format string
  stopwatch.cpp(160): note: consider using '%Iu' in the format string
  stopwatch.cpp(160): note: consider using '%I64u' in the format string
stopwatch.cpp(160): warning C4477: 'fprintf' : format string '%03lu' requires an argument of type 'unsigned long', but variadic argument 17 has type 'uint64_t'
  stopwatch.cpp(160): note: consider using '%llu' in the format string
  stopwatch.cpp(160): note: consider using '%Iu' in the format string
  stopwatch.cpp(160): note: consider using '%I64u' in the format string
stopwatch.cpp(186): warning C4244: 'initializing': conversion from '__int64' to 'unsigned int', possible loss of data
stopwatch.cpp(192): warning C4477: 'printf' : format string '%lu' requires an argument of type 'unsigned long', but variadic argument 2 has type 'const unsigned __int64'
  stopwatch.cpp(192): note: consider using '%llu' in the format string
  stopwatch.cpp(192): note: consider using '%Iu' in the format string
  stopwatch.cpp(192): note: consider using '%I64u' in the format string
  stopwatch.vcxproj -> C:\Users\Collin Abidi\Desktop\CARLsim4-neural\x64\Release\stopwatch.lib
  copy "C:\Program Files\NVIDIA GPU Computing Toolkit\CUDA\v8.0\bin\cudart*.dll" "C:\Users\Collin Abidi\Desktop\CARLsim4-neural\x64\Release\"
  C:\Program Files\NVIDIA GPU Computing Toolkit\CUDA\v8.0\bin\cudart32_80.dll
  C:\Program Files\NVIDIA GPU Computing Toolkit\CUDA\v8.0\bin\cudart64_80.dll
          2 file(s) copied.
