c:\users\collin abidi\desktop\carlsim4\doc\source\tutorial\4_image_processing\x64\debug\vc140.pdb
c:\users\collin abidi\desktop\carlsim4\doc\source\tutorial\4_image_processing\x64\debug\vc140.idb
c:\users\collin abidi\desktop\carlsim4\doc\source\tutorial\4_image_processing\x64\debug\main_dog.obj
c:\users\collin abidi\desktop\carlsim4-neural\doc\source\tutorial\4_image_processing\x64\debug\vc140.pdb
c:\users\collin abidi\desktop\carlsim4-neural\doc\source\tutorial\4_image_processing\x64\debug\vc140.idb
c:\users\collin abidi\desktop\carlsim4-neural\doc\source\tutorial\4_image_processing\x64\debug\main_dog.obj
c:\users\collin abidi\desktop\carlsim4\doc\source\tutorial\4_image_processing\tutorial_4_image_processing_dog.ilk
c:\users\collin abidi\desktop\carlsim4\doc\source\tutorial\4_image_processing\tutorial_4_image_processing_dog.exe
c:\users\collin abidi\desktop\carlsim4\x64\debug\tutorial_4_image_processing_dog.pdb
c:\users\collin abidi\desktop\carlsim4-neural\doc\source\tutorial\4_image_processing\tutorial_4_image_processing_dog.ilk
c:\users\collin abidi\desktop\carlsim4-neural\doc\source\tutorial\4_image_processing\tutorial_4_image_processing_dog.exe
c:\users\collin abidi\desktop\carlsim4-neural\x64\debug\tutorial_4_image_processing_dog.pdb
c:\users\collin abidi\desktop\carlsim4-neural\doc\source\tutorial\4_image_processing\x64\debug\tutorial_4_image_processing_dog.vcxprojresolveassemblyreference.cache
c:\users\collin abidi\desktop\carlsim4-neural\doc\source\tutorial\4_image_processing\x64\debug\tutorial_4_image_processing_smooth.vcxprojresolveassemblyreference.cache
c:\users\collin abidi\desktop\carlsim4-neural\doc\source\tutorial\4_image_processing\x64\debug\tutorial.93e405e0.tlog\cl.command.1.tlog
c:\users\collin abidi\desktop\carlsim4-neural\doc\source\tutorial\4_image_processing\x64\debug\tutorial.93e405e0.tlog\cl.read.1.tlog
c:\users\collin abidi\desktop\carlsim4-neural\doc\source\tutorial\4_image_processing\x64\debug\tutorial.93e405e0.tlog\cl.write.1.tlog
c:\users\collin abidi\desktop\carlsim4-neural\doc\source\tutorial\4_image_processing\x64\debug\tutorial.93e405e0.tlog\link.command.1.tlog
c:\users\collin abidi\desktop\carlsim4-neural\doc\source\tutorial\4_image_processing\x64\debug\tutorial.93e405e0.tlog\link.read.1.tlog
c:\users\collin abidi\desktop\carlsim4-neural\doc\source\tutorial\4_image_processing\x64\debug\tutorial.93e405e0.tlog\link.write.1.tlog
